2025-04-24 11:00:48.672 [main] INFO  com.itis._5a.frasson.busanello.server.Auth - User database loaded successfully with 1 users
2025-04-24 11:00:48.676 [main] INFO  com.itis._5a.frasson.busanello.server.Server - Server listening on port 12345
2025-04-24 11:00:48.677 [Thread-0] INFO  com.itis._5a.frasson.busanello.server.Server - Matchmaking service started
2025-04-24 11:01:00.030 [main] INFO  com.itis._5a.frasson.busanello.server.Server - New client connected: /127.0.0.1
2025-04-24 11:01:00.036 [main] INFO  com.itis._5a.frasson.busanello.server.ClientHandler - I/O streams initialized for client: 1745485260031-0
2025-04-24 11:01:00.091 [Thread-1] INFO  com.itis._5a.frasson.busanello.server.ClientHandler - Secure communication established with client: 1745485260031-0
2025-04-24 11:01:13.869 [Thread-1] WARN  com.itis._5a.frasson.busanello.server.ClientHandler - Unknown message type from client 1745485260031-0: SIGNUP
2025-04-24 11:11:03.597 [main] INFO  com.itis._5a.frasson.busanello.server.Auth - User database loaded successfully with 1 users
2025-04-24 11:11:03.601 [main] INFO  com.itis._5a.frasson.busanello.server.Server - Server listening on port 12345
2025-04-24 11:11:03.601 [Thread-0] INFO  com.itis._5a.frasson.busanello.server.Server - Matchmaking service started
2025-04-24 11:11:19.657 [main] INFO  com.itis._5a.frasson.busanello.server.Server - New client connected: /127.0.0.1
2025-04-24 11:11:19.663 [main] INFO  com.itis._5a.frasson.busanello.server.ClientHandler - I/O streams initialized for client: 1745485879659-0
2025-04-24 11:11:19.712 [Thread-1] INFO  com.itis._5a.frasson.busanello.server.ClientHandler - Secure communication established with client: 1745485879659-0
2025-04-24 11:11:28.448 [Thread-1] INFO  com.itis._5a.frasson.busanello.server.ClientHandler - Login attempt: user
2025-04-24 11:11:28.449 [Thread-1] INFO  com.itis._5a.frasson.busanello.server.Auth - Authentication failed: User not found: user
2025-04-24 11:11:28.451 [Thread-1] INFO  com.itis._5a.frasson.busanello.server.ClientHandler - Authentication failed: user
2025-04-24 11:12:22.294 [main] INFO  com.itis._5a.frasson.busanello.server.Auth - User database loaded successfully with 1 users
2025-04-24 11:12:22.298 [main] INFO  com.itis._5a.frasson.busanello.server.Server - Server listening on port 12345
2025-04-24 11:12:22.298 [Thread-0] INFO  com.itis._5a.frasson.busanello.server.Server - Matchmaking service started
2025-04-24 11:12:31.229 [main] INFO  com.itis._5a.frasson.busanello.server.Server - New client connected: /127.0.0.1
2025-04-24 11:12:31.237 [main] INFO  com.itis._5a.frasson.busanello.server.ClientHandler - I/O streams initialized for client: 1745485951230-0
2025-04-24 11:12:31.283 [Thread-1] INFO  com.itis._5a.frasson.busanello.server.ClientHandler - Secure communication established with client: 1745485951230-0
2025-04-24 11:12:38.344 [Thread-1] INFO  com.itis._5a.frasson.busanello.server.ClientHandler - Login attempt: user
2025-04-24 11:12:38.492 [Thread-1] INFO  com.itis._5a.frasson.busanello.server.Auth - User database saved successfully
2025-04-24 11:12:38.494 [Thread-1] INFO  com.itis._5a.frasson.busanello.server.Auth - Added new user: user
2025-04-24 11:12:38.494 [Thread-1] INFO  com.itis._5a.frasson.busanello.server.Auth - Utente registrato con successo: user
2025-04-24 11:12:38.495 [Thread-1] INFO  com.itis._5a.frasson.busanello.server.ClientHandler - Authentication successful: user
2025-04-24 11:14:50.397 [main] INFO  com.itis._5a.frasson.busanello.server.Auth - User database loaded successfully with 1 users
2025-04-24 11:14:50.401 [main] INFO  com.itis._5a.frasson.busanello.server.Server - Server listening on port 12345
2025-04-24 11:14:50.402 [Thread-0] INFO  com.itis._5a.frasson.busanello.server.Server - Matchmaking service started
2025-04-24 11:16:15.140 [main] INFO  com.itis._5a.frasson.busanello.server.Auth - User database loaded successfully with 1 users
2025-04-24 11:16:15.143 [main] INFO  com.itis._5a.frasson.busanello.server.Server - Server listening on port 12345
2025-04-24 11:16:15.143 [Thread-0] INFO  com.itis._5a.frasson.busanello.server.Server - Matchmaking service started
2025-04-24 11:16:24.289 [main] INFO  com.itis._5a.frasson.busanello.server.Server - New client connected: /127.0.0.1
2025-04-24 11:16:24.295 [main] INFO  com.itis._5a.frasson.busanello.server.ClientHandler - I/O streams initialized for client: 1745486184290-0
2025-04-24 11:16:24.344 [Thread-1] INFO  com.itis._5a.frasson.busanello.server.ClientHandler - Secure communication established with client: 1745486184290-0
2025-04-24 11:16:31.325 [Thread-1] INFO  com.itis._5a.frasson.busanello.server.ClientHandler - Sign in attempt: user
2025-04-24 11:16:31.474 [Thread-1] INFO  com.itis._5a.frasson.busanello.server.Auth - User database saved successfully
2025-04-24 11:16:31.474 [Thread-1] INFO  com.itis._5a.frasson.busanello.server.Auth - Added new user: user
2025-04-24 11:16:31.475 [Thread-1] INFO  com.itis._5a.frasson.busanello.server.Auth - User database saved successfully
2025-04-24 11:16:31.475 [Thread-1] INFO  com.itis._5a.frasson.busanello.server.Auth - Utente registrato con successo: user
2025-04-24 11:16:31.475 [Thread-1] INFO  com.itis._5a.frasson.busanello.server.ClientHandler - User added: user
2025-04-24 11:16:37.202 [Thread-1] INFO  com.itis._5a.frasson.busanello.server.ClientHandler - Login attempt: user
2025-04-24 11:16:37.326 [Thread-1] INFO  com.itis._5a.frasson.busanello.server.Auth - Authentication for user user: successful
2025-04-24 11:16:37.326 [Thread-1] INFO  com.itis._5a.frasson.busanello.server.ClientHandler - Authentication successful: user
2025-04-24 11:20:08.042 [main] INFO  com.itis._5a.frasson.busanello.server.Auth - User database loaded successfully with 1 users
2025-04-24 11:20:08.046 [main] INFO  com.itis._5a.frasson.busanello.server.Server - Server listening on port 12345
2025-04-24 11:20:08.047 [Thread-0] INFO  com.itis._5a.frasson.busanello.server.Server - Matchmaking service started
2025-04-24 11:22:43.700 [main] INFO  com.itis._5a.frasson.busanello.server.Auth - User database loaded successfully with 1 users
2025-04-24 11:22:43.705 [main] INFO  com.itis._5a.frasson.busanello.server.Server - Server listening on port 12345
2025-04-24 11:22:43.706 [Thread-0] INFO  com.itis._5a.frasson.busanello.server.Server - Matchmaking service started
2025-04-24 11:22:54.747 [main] INFO  com.itis._5a.frasson.busanello.server.Server - New client connected: /127.0.0.1
2025-04-24 11:22:54.757 [main] INFO  com.itis._5a.frasson.busanello.server.ClientHandler - I/O streams initialized for client: 1745486574749-0
2025-04-24 11:22:54.815 [Thread-1] INFO  com.itis._5a.frasson.busanello.server.ClientHandler - Secure communication established with client: 1745486574749-0
2025-04-24 11:23:04.825 [Thread-1] INFO  com.itis._5a.frasson.busanello.server.ClientHandler - Login attempt: admin
2025-04-24 11:23:04.970 [Thread-1] INFO  com.itis._5a.frasson.busanello.server.Auth - Authentication for user admin: failed
2025-04-24 11:23:04.972 [Thread-1] INFO  com.itis._5a.frasson.busanello.server.ClientHandler - Authentication failed: admin
2025-04-24 11:23:14.451 [Thread-1] INFO  com.itis._5a.frasson.busanello.server.ClientHandler - Login attempt: admin
2025-04-24 11:23:14.558 [Thread-1] INFO  com.itis._5a.frasson.busanello.server.Auth - Authentication for user admin: successful
2025-04-24 11:23:14.558 [Thread-1] INFO  com.itis._5a.frasson.busanello.server.ClientHandler - Authentication successful: admin
2025-04-24 11:23:22.856 [Thread-1] ERROR com.itis._5a.frasson.busanello.server.ClientHandler - Error handling message.
java.io.EOFException: null
	at java.io.ObjectInputStream$BlockDataInputStream.peekByte(ObjectInputStream.java:3214) ~[?:?]
	at java.io.ObjectInputStream.readObject0(ObjectInputStream.java:1684) ~[?:?]
	at java.io.ObjectInputStream.readObject(ObjectInputStream.java:509) ~[?:?]
	at java.io.ObjectInputStream.readObject(ObjectInputStream.java:467) ~[?:?]
	at com.itis._5a.frasson.busanello.server.ClientHandler.run(ClientHandler.java:95) [classes/:?]
	at java.lang.Thread.run(Thread.java:840) [?:?]
2025-04-24 11:23:22.866 [Thread-1] INFO  com.itis._5a.frasson.busanello.server.ClientHandler - Client disconnesso: admin
2025-04-24 11:23:31.193 [main] INFO  com.itis._5a.frasson.busanello.server.Server - New client connected: /127.0.0.1
2025-04-24 11:23:31.195 [main] INFO  com.itis._5a.frasson.busanello.server.ClientHandler - I/O streams initialized for client: 1745486611194-1
2025-04-24 11:23:31.221 [Thread-2] INFO  com.itis._5a.frasson.busanello.server.ClientHandler - Secure communication established with client: 1745486611194-1
2025-04-24 11:23:39.783 [Thread-2] INFO  com.itis._5a.frasson.busanello.server.ClientHandler - Sign in attempt: user
2025-04-24 11:23:39.887 [Thread-2] INFO  com.itis._5a.frasson.busanello.server.Auth - User database saved successfully
2025-04-24 11:23:39.889 [Thread-2] INFO  com.itis._5a.frasson.busanello.server.Auth - Added new user: user
2025-04-24 11:23:39.890 [Thread-2] INFO  com.itis._5a.frasson.busanello.server.Auth - User database saved successfully
2025-04-24 11:23:39.890 [Thread-2] INFO  com.itis._5a.frasson.busanello.server.Auth - Utente registrato con successo: user
2025-04-24 11:23:39.890 [Thread-2] INFO  com.itis._5a.frasson.busanello.server.ClientHandler - User added: user
2025-04-24 11:25:00.217 [Thread-2] INFO  com.itis._5a.frasson.busanello.server.ClientHandler - Login attempt: user
2025-04-24 11:25:00.335 [Thread-2] INFO  com.itis._5a.frasson.busanello.server.Auth - Authentication for user user: successful
2025-04-24 11:25:00.336 [Thread-2] INFO  com.itis._5a.frasson.busanello.server.ClientHandler - Authentication successful: user
2025-04-24 11:33:25.085 [main] INFO  com.itis._5a.frasson.busanello.server.Auth - User database loaded successfully with 2 users
2025-04-24 11:33:25.090 [main] INFO  com.itis._5a.frasson.busanello.server.Server - Server listening on port 12345
2025-04-24 11:33:25.090 [Thread-0] INFO  com.itis._5a.frasson.busanello.server.Server - Matchmaking service started
2025-04-24 11:33:35.607 [main] INFO  com.itis._5a.frasson.busanello.server.Server - New client connected: /127.0.0.1
2025-04-24 11:33:35.613 [main] INFO  com.itis._5a.frasson.busanello.server.ClientHandler - I/O streams initialized for client: 1745487215608-0
2025-04-24 11:33:35.673 [Thread-1] INFO  com.itis._5a.frasson.busanello.server.ClientHandler - Secure communication established with client: 1745487215608-0
2025-04-24 11:33:58.083 [Thread-1] INFO  com.itis._5a.frasson.busanello.server.ClientHandler - Login attempt: user
2025-04-24 11:33:58.183 [Thread-1] INFO  com.itis._5a.frasson.busanello.server.Auth - Authentication for user user: successful
2025-04-24 11:33:58.185 [Thread-1] INFO  com.itis._5a.frasson.busanello.server.ClientHandler - Authentication successful: user
2025-04-24 11:34:13.007 [main] INFO  com.itis._5a.frasson.busanello.server.Server - New client connected: /127.0.0.1
2025-04-24 11:34:13.009 [main] INFO  com.itis._5a.frasson.busanello.server.ClientHandler - I/O streams initialized for client: 1745487253009-1
2025-04-24 11:34:13.031 [Thread-2] INFO  com.itis._5a.frasson.busanello.server.ClientHandler - Secure communication established with client: 1745487253009-1
2025-04-24 11:34:16.039 [Thread-2] INFO  com.itis._5a.frasson.busanello.server.ClientHandler - Login attempt: aaa
2025-04-24 11:34:16.039 [Thread-2] INFO  com.itis._5a.frasson.busanello.server.Auth - Authentication failed: User not found: aaa
2025-04-24 11:34:16.040 [Thread-2] INFO  com.itis._5a.frasson.busanello.server.ClientHandler - Authentication failed: aaa
2025-04-24 11:34:28.370 [Thread-2] INFO  com.itis._5a.frasson.busanello.server.ClientHandler - Sign in attempt: busa
2025-04-24 11:34:28.513 [Thread-2] INFO  com.itis._5a.frasson.busanello.server.Auth - Added new user: busa
2025-04-24 11:34:28.515 [Thread-2] INFO  com.itis._5a.frasson.busanello.server.Auth - User database saved successfully to: /Users/busa/Documents/GitHub/battelship/server/target/classes/users.json
2025-04-24 11:34:28.515 [Thread-2] INFO  com.itis._5a.frasson.busanello.server.Auth - Utente registrato con successo: busa
2025-04-24 11:34:28.515 [Thread-2] INFO  com.itis._5a.frasson.busanello.server.ClientHandler - User added: busa
2025-04-24 11:34:36.030 [Thread-2] INFO  com.itis._5a.frasson.busanello.server.ClientHandler - Login attempt: busa
2025-04-24 11:34:36.097 [Thread-2] INFO  com.itis._5a.frasson.busanello.server.Auth - Authentication for user busa: successful
2025-04-24 11:34:36.097 [Thread-2] INFO  com.itis._5a.frasson.busanello.server.ClientHandler - Authentication successful: busa
2025-04-24 11:34:40.928 [Thread-2] ERROR com.itis._5a.frasson.busanello.server.ClientHandler - Error handling message.
java.io.EOFException: null
	at java.io.ObjectInputStream$BlockDataInputStream.peekByte(ObjectInputStream.java:3214) ~[?:?]
	at java.io.ObjectInputStream.readObject0(ObjectInputStream.java:1684) ~[?:?]
	at java.io.ObjectInputStream.readObject(ObjectInputStream.java:509) ~[?:?]
	at java.io.ObjectInputStream.readObject(ObjectInputStream.java:467) ~[?:?]
	at com.itis._5a.frasson.busanello.server.ClientHandler.run(ClientHandler.java:95) [classes/:?]
	at java.lang.Thread.run(Thread.java:840) [?:?]
2025-04-24 11:34:40.939 [Thread-2] INFO  com.itis._5a.frasson.busanello.server.ClientHandler - Client disconnesso: busa
2025-04-24 12:11:32.259 [main] INFO  com.itis._5a.frasson.busanello.server.Auth - User database loaded successfully with 1 users
2025-04-24 12:11:32.268 [main] INFO  com.itis._5a.frasson.busanello.server.Server - Server listening on port 12345
2025-04-24 12:11:32.270 [Thread-0] INFO  com.itis._5a.frasson.busanello.server.Server - Matchmaking service started
2025-04-24 12:11:46.287 [main] INFO  com.itis._5a.frasson.busanello.server.Server - New client connected: /127.0.0.1
2025-04-24 12:11:46.295 [main] INFO  com.itis._5a.frasson.busanello.server.ClientHandler - I/O streams initialized for client: 1745489506288-0
2025-04-24 12:11:46.435 [Thread-1] INFO  com.itis._5a.frasson.busanello.server.ClientHandler - Secure communication established with client: 1745489506288-0
2025-04-24 12:11:53.762 [main] INFO  com.itis._5a.frasson.busanello.server.Server - New client connected: /127.0.0.1
2025-04-24 12:11:53.764 [main] INFO  com.itis._5a.frasson.busanello.server.ClientHandler - I/O streams initialized for client: 1745489513762-1
2025-04-24 12:11:53.871 [Thread-2] INFO  com.itis._5a.frasson.busanello.server.ClientHandler - Secure communication established with client: 1745489513762-1
2025-04-24 12:13:05.150 [Thread-2] INFO  com.itis._5a.frasson.busanello.server.ClientHandler - Login attempt: admin
2025-04-24 12:13:05.433 [Thread-2] INFO  com.itis._5a.frasson.busanello.server.Auth - Authentication for user admin: successful
2025-04-24 12:13:05.439 [Thread-2] INFO  com.itis._5a.frasson.busanello.server.ClientHandler - Authentication successful: admin
2025-04-24 12:13:11.669 [Thread-2] INFO  com.itis._5a.frasson.busanello.server.ClientHandler - Client 1745489513762-1 requested match finding
2025-04-24 12:13:11.670 [Thread-2] INFO  com.itis._5a.frasson.busanello.server.Server - Player enqueued for matchmaking: 1745489513762-1
2025-04-24 12:13:11.670 [Thread-0] INFO  com.itis._5a.frasson.busanello.server.Server - Player 1 ready for matchmaking: 1745489513762-1
2025-04-24 12:13:12.819 [Thread-1] INFO  com.itis._5a.frasson.busanello.server.ClientHandler - Client 1745489506288-0 requested match finding
2025-04-24 12:13:12.819 [Thread-1] INFO  com.itis._5a.frasson.busanello.server.Server - Player enqueued for matchmaking: 1745489506288-0
2025-04-24 12:13:12.820 [Thread-0] INFO  com.itis._5a.frasson.busanello.server.Server - Player 2 ready for matchmaking: 1745489506288-0
2025-04-24 12:13:12.823 [Thread-0] INFO  com.itis._5a.frasson.busanello.server.Server - Match created and started between players: 1745489513762-1 and 1745489506288-0
2025-04-24 12:13:12.824 [Thread-3] INFO  com.itis._5a.frasson.busanello.server.ClientHandler - Message sent to client: 1745489513762-1, type: Message
2025-04-24 12:13:12.825 [Thread-3] INFO  com.itis._5a.frasson.busanello.server.ClientHandler - Message sent to client: 1745489506288-0, type: Message
2025-04-24 12:13:40.258 [Thread-2] INFO  com.itis._5a.frasson.busanello.server.ClientHandler - Message sent to client: 1745489513762-1, type: Message
2025-04-24 12:13:40.259 [Thread-2] INFO  com.itis._5a.frasson.busanello.server.ClientHandler - Message sent to client: 1745489506288-0, type: Message
2025-04-24 12:13:40.269 [Thread-1] INFO  com.itis._5a.frasson.busanello.server.ClientHandler - Message sent to client: 1745489506288-0, type: Turn
2025-04-24 12:13:40.271 [Thread-1] INFO  com.itis._5a.frasson.busanello.server.ClientHandler - Message sent to client: 1745489513762-1, type: Turn
2025-04-24 12:13:43.796 [Thread-1] INFO  com.itis._5a.frasson.busanello.server.ClientHandler - Message sent to client: 1745489506288-0, type: ResultMove
2025-04-24 12:13:43.798 [Thread-1] INFO  com.itis._5a.frasson.busanello.server.ClientHandler - Message sent to client: 1745489513762-1, type: ResultMove
2025-04-24 12:13:46.085 [Thread-2] INFO  com.itis._5a.frasson.busanello.server.ClientHandler - Message sent to client: 1745489513762-1, type: ResultMove
2025-04-24 12:13:46.085 [Thread-2] INFO  com.itis._5a.frasson.busanello.server.ClientHandler - Message sent to client: 1745489506288-0, type: ResultMove
2025-04-24 12:13:49.340 [Thread-1] INFO  com.itis._5a.frasson.busanello.server.ClientHandler - Message sent to client: 1745489506288-0, type: ResultMove
2025-04-24 12:13:49.341 [Thread-1] INFO  com.itis._5a.frasson.busanello.server.ClientHandler - Message sent to client: 1745489513762-1, type: ResultMove
2025-04-24 13:34:11.417 [main] INFO  com.itis._5a.frasson.busanello.server.Auth - User database loaded successfully with 1 users
2025-04-24 13:34:11.426 [main] INFO  com.itis._5a.frasson.busanello.server.Server - Server listening on port 12345
2025-04-24 13:34:11.427 [Thread-0] INFO  com.itis._5a.frasson.busanello.server.Server - Matchmaking service started
2025-04-24 13:34:15.786 [main] INFO  com.itis._5a.frasson.busanello.server.Server - New client connected: /127.0.0.1
2025-04-24 13:34:15.795 [main] INFO  com.itis._5a.frasson.busanello.server.ClientHandler - I/O streams initialized for client: 1745494455787-0
2025-04-24 13:34:15.941 [Thread-1] INFO  com.itis._5a.frasson.busanello.server.ClientHandler - Secure communication established with client: 1745494455787-0
2025-04-24 13:34:29.220 [Thread-1] INFO  com.itis._5a.frasson.busanello.server.ClientHandler - Login attempt: admin
2025-04-24 13:34:29.482 [Thread-1] INFO  com.itis._5a.frasson.busanello.server.Auth - Authentication for user admin: successful
2025-04-24 13:34:29.487 [Thread-1] INFO  com.itis._5a.frasson.busanello.server.ClientHandler - Authentication successful: admin
2025-04-24 13:34:39.443 [Thread-1] INFO  com.itis._5a.frasson.busanello.server.ClientHandler - Client 1745494455787-0 requested match finding
2025-04-24 13:34:39.443 [Thread-1] INFO  com.itis._5a.frasson.busanello.server.Server - Player enqueued for matchmaking: 1745494455787-0
2025-04-24 13:34:39.448 [Thread-0] INFO  com.itis._5a.frasson.busanello.server.Server - Player 1 ready for matchmaking: 1745494455787-0
2025-04-24 15:42:07.852 [main] INFO  com.itis._5a.frasson.busanello.server.Auth - User database loaded successfully with 1 users
2025-04-24 15:42:07.860 [main] INFO  com.itis._5a.frasson.busanello.server.Server - Server listening on port 12345
2025-04-24 15:42:07.861 [pool-2-thread-1] INFO  com.itis._5a.frasson.busanello.server.Server - Matchmaking service started
2025-04-24 15:42:21.583 [main] INFO  com.itis._5a.frasson.busanello.server.Server - New client connected: /127.0.0.1
2025-04-24 15:42:21.589 [main] INFO  com.itis._5a.frasson.busanello.server.ClientHandler - I/O streams initialized for client: 1745502141584-0
2025-04-24 15:42:21.705 [pool-2-thread-2] INFO  com.itis._5a.frasson.busanello.server.ClientHandler - Secure communication established with client: 1745502141584-0
2025-04-24 15:42:25.845 [pool-2-thread-2] INFO  com.itis._5a.frasson.busanello.server.ClientHandler - Client 1745502141584-0 requested match finding
2025-04-24 15:42:25.846 [pool-2-thread-2] INFO  com.itis._5a.frasson.busanello.server.Server - Player enqueued for matchmaking: 1745502141584-0
2025-04-24 15:42:25.846 [pool-2-thread-1] INFO  com.itis._5a.frasson.busanello.server.Server - Player 1 ready for match: 1745502141584-0
2025-04-24 15:42:33.057 [main] INFO  com.itis._5a.frasson.busanello.server.Server - New client connected: /127.0.0.1
2025-04-24 15:42:33.058 [main] INFO  com.itis._5a.frasson.busanello.server.ClientHandler - I/O streams initialized for client: 1745502153057-1
2025-04-24 15:42:33.159 [pool-2-thread-3] INFO  com.itis._5a.frasson.busanello.server.ClientHandler - Secure communication established with client: 1745502153057-1
2025-04-24 15:42:40.112 [pool-2-thread-3] INFO  com.itis._5a.frasson.busanello.server.ClientHandler - Client 1745502153057-1 requested match finding
2025-04-24 15:42:40.112 [pool-2-thread-3] INFO  com.itis._5a.frasson.busanello.server.Server - Player enqueued for matchmaking: 1745502153057-1
2025-04-24 15:42:40.113 [pool-2-thread-1] INFO  com.itis._5a.frasson.busanello.server.Server - Player 2 ready for matchmaking: 1745502153057-1
2025-04-24 15:42:40.114 [pool-2-thread-1] INFO  com.itis._5a.frasson.busanello.server.Server - Match created and started between players: 1745502141584-0 and 1745502153057-1
2025-04-24 15:42:40.117 [pool-3-thread-1] INFO  com.itis._5a.frasson.busanello.server.ClientHandler - Message sent to client: 1745502141584-0, type: Message
2025-04-24 15:42:40.117 [pool-3-thread-1] INFO  com.itis._5a.frasson.busanello.server.ClientHandler - Message sent to client: 1745502153057-1, type: Message
2025-04-24 15:42:40.670 [pool-2-thread-2] ERROR com.itis._5a.frasson.busanello.server.ClientHandler - Errore con il client: java.net.SocketException: Connection reset
2025-04-24 15:42:40.670 [pool-2-thread-2] INFO  com.itis._5a.frasson.busanello.server.ClientHandler - Client disconnesso: non autenticato
2025-04-24 15:42:40.670 [pool-2-thread-2] INFO  com.itis._5a.frasson.busanello.server.Server - Handling disconnect for client: 1745502141584-0
2025-04-24 15:42:40.672 [pool-2-thread-2] INFO  com.itis._5a.frasson.busanello.server.ClientHandler - Message sent to client: 1745502153057-1, type: Message
2025-04-24 15:42:40.672 [pool-2-thread-2] INFO  com.itis._5a.frasson.busanello.server.ClientHandler - Message sent to client: 1745502153057-1, type: Message
2025-04-24 15:42:40.672 [pool-2-thread-2] INFO  com.itis._5a.frasson.busanello.server.Server - Player removed from matchmaking queue: 1745502141584-0
2025-04-24 15:42:40.673 [pool-2-thread-2] INFO  com.itis._5a.frasson.busanello.server.ClientHandler - Client resources cleaned up: 1745502141584-0
2025-04-24 15:42:59.625 [pool-2-thread-3] ERROR com.itis._5a.frasson.busanello.server.ClientHandler - Errore con il client: java.net.SocketException: Connection reset
2025-04-24 15:42:59.625 [pool-2-thread-3] INFO  com.itis._5a.frasson.busanello.server.ClientHandler - Client disconnesso: non autenticato
2025-04-24 15:42:59.626 [pool-2-thread-3] INFO  com.itis._5a.frasson.busanello.server.Server - Handling disconnect for client: 1745502153057-1
2025-04-24 15:42:59.626 [pool-2-thread-3] INFO  com.itis._5a.frasson.busanello.server.Server - Player removed from matchmaking queue: 1745502153057-1
2025-04-24 15:42:59.626 [pool-2-thread-3] INFO  com.itis._5a.frasson.busanello.server.ClientHandler - Client resources cleaned up: 1745502153057-1
2025-04-24 15:52:30.289 [main] INFO  com.itis._5a.frasson.busanello.server.Auth - User database loaded successfully with 1 users
2025-04-24 15:52:30.298 [main] INFO  com.itis._5a.frasson.busanello.server.Server - Server listening on port 12345
2025-04-24 15:52:30.299 [pool-2-thread-1] INFO  com.itis._5a.frasson.busanello.server.Server - Matchmaking service started
2025-04-24 15:57:16.887 [main] INFO  com.itis._5a.frasson.busanello.server.Server - New client connected: /127.0.0.1
2025-04-24 15:57:16.893 [main] INFO  com.itis._5a.frasson.busanello.server.ClientHandler - I/O streams initialized for client: 1745503036887-0
2025-04-24 15:57:17.015 [pool-2-thread-2] INFO  com.itis._5a.frasson.busanello.server.ClientHandler - Secure communication established with client: 1745503036887-0
2025-04-24 15:57:19.635 [pool-2-thread-2] INFO  com.itis._5a.frasson.busanello.server.ClientHandler - Client disconnesso: non autenticato
2025-04-24 15:57:19.636 [pool-2-thread-2] INFO  com.itis._5a.frasson.busanello.server.Server - Handling disconnect for client: 1745503036887-0
2025-04-24 15:57:19.636 [pool-2-thread-2] INFO  com.itis._5a.frasson.busanello.server.Server - Player removed from matchmaking queue: 1745503036887-0
2025-04-24 15:57:19.638 [pool-2-thread-2] INFO  com.itis._5a.frasson.busanello.server.ClientHandler - Client resources cleaned up: 1745503036887-0
2025-04-24 16:00:05.965 [main] INFO  com.itis._5a.frasson.busanello.server.Server - New client connected: /127.0.0.1
2025-04-24 16:00:05.967 [main] INFO  com.itis._5a.frasson.busanello.server.ClientHandler - I/O streams initialized for client: 1745503205966-1
2025-04-24 16:00:06.062 [pool-2-thread-3] INFO  com.itis._5a.frasson.busanello.server.ClientHandler - Secure communication established with client: 1745503205966-1
2025-04-24 16:00:09.594 [pool-2-thread-3] INFO  com.itis._5a.frasson.busanello.server.ClientHandler - Client disconnesso: non autenticato
2025-04-24 16:00:09.595 [pool-2-thread-3] INFO  com.itis._5a.frasson.busanello.server.Server - Handling disconnect for client: 1745503205966-1
2025-04-24 16:00:09.595 [pool-2-thread-3] INFO  com.itis._5a.frasson.busanello.server.Server - Player removed from matchmaking queue: 1745503205966-1
2025-04-24 16:00:09.595 [pool-2-thread-3] INFO  com.itis._5a.frasson.busanello.server.ClientHandler - Client resources cleaned up: 1745503205966-1
2025-04-24 16:21:05.172 [main] INFO  com.itis._5a.frasson.busanello.server.Server - New client connected: /127.0.0.1
2025-04-24 16:21:05.173 [main] INFO  com.itis._5a.frasson.busanello.server.ClientHandler - I/O streams initialized for client: 1745504465172-2
2025-04-24 16:21:05.287 [pool-2-thread-4] INFO  com.itis._5a.frasson.busanello.server.ClientHandler - Secure communication established with client: 1745504465172-2
2025-04-24 16:21:06.745 [main] INFO  com.itis._5a.frasson.busanello.server.Server - New client connected: /127.0.0.1
2025-04-24 16:21:06.746 [main] INFO  com.itis._5a.frasson.busanello.server.ClientHandler - I/O streams initialized for client: 1745504466745-3
2025-04-24 16:21:06.826 [pool-2-thread-5] INFO  com.itis._5a.frasson.busanello.server.ClientHandler - Secure communication established with client: 1745504466745-3
2025-04-24 16:21:11.665 [pool-2-thread-5] INFO  com.itis._5a.frasson.busanello.server.ClientHandler - Client 1745504466745-3 requested match finding
2025-04-24 16:21:11.665 [pool-2-thread-5] INFO  com.itis._5a.frasson.busanello.server.Server - Player enqueued for matchmaking: 1745504466745-3
2025-04-24 16:21:11.665 [pool-2-thread-1] INFO  com.itis._5a.frasson.busanello.server.Server - Player 1 ready for match: 1745504466745-3
2025-04-24 16:21:19.111 [pool-2-thread-5] INFO  com.itis._5a.frasson.busanello.server.ClientHandler - Client 1745504466745-3 canceled matchmaking
2025-04-24 16:21:19.111 [pool-2-thread-5] INFO  com.itis._5a.frasson.busanello.server.Server - Player removed from matchmaking queue: 1745504466745-3
2025-04-24 16:21:19.111 [pool-2-thread-5] ERROR com.itis._5a.frasson.busanello.server.ClientHandler - Error handling message.
java.io.EOFException: null
	at java.io.ObjectInputStream$BlockDataInputStream.peekByte(ObjectInputStream.java:3214) ~[?:?]
	at java.io.ObjectInputStream.readObject0(ObjectInputStream.java:1684) ~[?:?]
	at java.io.ObjectInputStream.readObject(ObjectInputStream.java:509) ~[?:?]
	at java.io.ObjectInputStream.readObject(ObjectInputStream.java:467) ~[?:?]
	at com.itis._5a.frasson.busanello.server.ClientHandler.run(ClientHandler.java:96) [classes/:?]
	at java.util.concurrent.Executors$RunnableAdapter.call(Executors.java:539) [?:?]
	at java.util.concurrent.FutureTask.run(FutureTask.java:264) [?:?]
	at java.util.concurrent.ThreadPoolExecutor.runWorker(ThreadPoolExecutor.java:1136) [?:?]
	at java.util.concurrent.ThreadPoolExecutor$Worker.run(ThreadPoolExecutor.java:635) [?:?]
	at java.lang.Thread.run(Thread.java:840) [?:?]
2025-04-24 16:21:19.127 [pool-2-thread-5] INFO  com.itis._5a.frasson.busanello.server.Server - Handling disconnect for client: 1745504466745-3
2025-04-24 16:21:19.128 [pool-2-thread-5] INFO  com.itis._5a.frasson.busanello.server.Server - Player removed from matchmaking queue: 1745504466745-3
2025-04-24 16:21:19.128 [pool-2-thread-5] INFO  com.itis._5a.frasson.busanello.server.ClientHandler - Client resources cleaned up: 1745504466745-3
2025-04-24 16:21:19.129 [pool-2-thread-5] INFO  com.itis._5a.frasson.busanello.server.ClientHandler - Client disconnesso: non autenticato
2025-04-24 16:21:19.129 [pool-2-thread-5] INFO  com.itis._5a.frasson.busanello.server.Server - Handling disconnect for client: 1745504466745-3
2025-04-24 16:21:19.129 [pool-2-thread-5] INFO  com.itis._5a.frasson.busanello.server.Server - Player removed from matchmaking queue: 1745504466745-3
2025-04-24 16:21:19.129 [pool-2-thread-5] INFO  com.itis._5a.frasson.busanello.server.ClientHandler - Client resources cleaned up: 1745504466745-3
2025-04-24 16:21:21.670 [pool-2-thread-1] INFO  com.itis._5a.frasson.busanello.server.Server - Client 1 disconnected while waiting for opponent: 1745504466745-3
2025-04-24 16:21:30.034 [pool-2-thread-4] INFO  com.itis._5a.frasson.busanello.server.ClientHandler - Client 1745504465172-2 requested match finding
2025-04-24 16:21:30.035 [pool-2-thread-4] INFO  com.itis._5a.frasson.busanello.server.Server - Player enqueued for matchmaking: 1745504465172-2
2025-04-24 16:21:30.035 [pool-2-thread-1] INFO  com.itis._5a.frasson.busanello.server.Server - Player 1 ready for match: 1745504465172-2
2025-04-24 16:21:37.655 [main] INFO  com.itis._5a.frasson.busanello.server.Server - New client connected: /127.0.0.1
2025-04-24 16:21:37.656 [main] INFO  com.itis._5a.frasson.busanello.server.ClientHandler - I/O streams initialized for client: 1745504497655-4
2025-04-24 16:21:37.741 [pool-2-thread-5] INFO  com.itis._5a.frasson.busanello.server.ClientHandler - Secure communication established with client: 1745504497655-4
2025-04-24 16:21:42.623 [pool-2-thread-5] INFO  com.itis._5a.frasson.busanello.server.ClientHandler - Client 1745504497655-4 requested match finding
2025-04-24 16:21:42.623 [pool-2-thread-5] INFO  com.itis._5a.frasson.busanello.server.Server - Player enqueued for matchmaking: 1745504497655-4
2025-04-24 16:21:42.624 [pool-2-thread-1] INFO  com.itis._5a.frasson.busanello.server.Server - Player 2 ready for matchmaking: 1745504497655-4
2025-04-24 16:21:42.625 [pool-2-thread-1] INFO  com.itis._5a.frasson.busanello.server.Server - Match created and started between players: 1745504465172-2 and 1745504497655-4
2025-04-24 16:21:42.627 [pool-3-thread-1] INFO  com.itis._5a.frasson.busanello.server.ClientHandler - Message sent to client: 1745504465172-2, type: Message
2025-04-24 16:21:42.629 [pool-3-thread-1] INFO  com.itis._5a.frasson.busanello.server.ClientHandler - Message sent to client: 1745504497655-4, type: Message
2025-04-24 16:22:13.912 [pool-2-thread-5] INFO  com.itis._5a.frasson.busanello.server.ClientHandler - Message sent to client: 1745504465172-2, type: Message
2025-04-24 16:22:13.912 [pool-2-thread-5] INFO  com.itis._5a.frasson.busanello.server.ClientHandler - Message sent to client: 1745504497655-4, type: Message
2025-04-24 16:22:13.921 [pool-2-thread-4] INFO  com.itis._5a.frasson.busanello.server.ClientHandler - Message sent to client: 1745504465172-2, type: Turn
2025-04-24 16:22:13.923 [pool-2-thread-4] INFO  com.itis._5a.frasson.busanello.server.ClientHandler - Message sent to client: 1745504497655-4, type: Turn
2025-04-24 16:24:21.159 [main] INFO  com.itis._5a.frasson.busanello.server.Auth - User database loaded successfully with 1 users
2025-04-24 16:24:21.168 [main] INFO  com.itis._5a.frasson.busanello.server.Server - Server listening on port 12345
2025-04-24 16:24:21.170 [pool-2-thread-1] INFO  com.itis._5a.frasson.busanello.server.Server - Matchmaking service started
2025-04-24 16:24:27.411 [main] INFO  com.itis._5a.frasson.busanello.server.Server - New client connected: /127.0.0.1
2025-04-24 16:24:27.418 [main] INFO  com.itis._5a.frasson.busanello.server.ClientHandler - I/O streams initialized for client: 1745504667411-0
2025-04-24 16:24:27.542 [pool-2-thread-2] INFO  com.itis._5a.frasson.busanello.server.ClientHandler - Secure communication established with client: 1745504667411-0
2025-04-24 16:24:30.954 [main] INFO  com.itis._5a.frasson.busanello.server.Server - New client connected: /127.0.0.1
2025-04-24 16:24:30.955 [main] INFO  com.itis._5a.frasson.busanello.server.ClientHandler - I/O streams initialized for client: 1745504670954-1
2025-04-24 16:24:31.040 [pool-2-thread-3] INFO  com.itis._5a.frasson.busanello.server.ClientHandler - Secure communication established with client: 1745504670954-1
2025-04-24 16:24:34.914 [pool-2-thread-3] INFO  com.itis._5a.frasson.busanello.server.ClientHandler - Client 1745504670954-1 requested match finding
2025-04-24 16:24:34.914 [pool-2-thread-3] INFO  com.itis._5a.frasson.busanello.server.Server - Player enqueued for matchmaking: 1745504670954-1
2025-04-24 16:24:34.914 [pool-2-thread-1] INFO  com.itis._5a.frasson.busanello.server.Server - Player 1 ready for match: 1745504670954-1
2025-04-24 16:24:38.126 [pool-2-thread-2] INFO  com.itis._5a.frasson.busanello.server.ClientHandler - Client 1745504667411-0 requested match finding
2025-04-24 16:24:38.127 [pool-2-thread-1] INFO  com.itis._5a.frasson.busanello.server.Server - Player 2 ready for matchmaking: 1745504667411-0
2025-04-24 16:24:38.126 [pool-2-thread-2] INFO  com.itis._5a.frasson.busanello.server.Server - Player enqueued for matchmaking: 1745504667411-0
2025-04-24 16:24:38.129 [pool-2-thread-1] INFO  com.itis._5a.frasson.busanello.server.Server - Match created and started between players: 1745504670954-1 and 1745504667411-0
2025-04-24 16:24:38.131 [pool-3-thread-1] INFO  com.itis._5a.frasson.busanello.server.ClientHandler - Message sent to client: 1745504670954-1, type: Message
2025-04-24 16:24:38.132 [pool-3-thread-1] INFO  com.itis._5a.frasson.busanello.server.ClientHandler - Message sent to client: 1745504667411-0, type: Message
2025-04-24 16:24:59.617 [pool-2-thread-3] INFO  com.itis._5a.frasson.busanello.server.ClientHandler - Message sent to client: 1745504670954-1, type: Message
2025-04-24 16:24:59.618 [pool-2-thread-3] INFO  com.itis._5a.frasson.busanello.server.ClientHandler - Message sent to client: 1745504667411-0, type: Message
2025-04-24 16:24:59.625 [pool-2-thread-3] INFO  com.itis._5a.frasson.busanello.server.ClientHandler - Message sent to client: 1745504670954-1, type: Turn
2025-04-24 16:24:59.628 [pool-2-thread-3] INFO  com.itis._5a.frasson.busanello.server.ClientHandler - Message sent to client: 1745504667411-0, type: Turn
2025-04-24 16:25:02.975 [pool-2-thread-3] INFO  com.itis._5a.frasson.busanello.server.ClientHandler - Message sent to client: 1745504670954-1, type: ResultMove
2025-04-24 16:25:02.975 [pool-2-thread-3] INFO  com.itis._5a.frasson.busanello.server.ClientHandler - Message sent to client: 1745504667411-0, type: ResultMove
2025-04-24 16:25:06.671 [pool-2-thread-3] ERROR com.itis._5a.frasson.busanello.server.ClientHandler - Error handling message.
java.io.EOFException: null
	at java.io.ObjectInputStream$BlockDataInputStream.peekByte(ObjectInputStream.java:3214) ~[?:?]
	at java.io.ObjectInputStream.readObject0(ObjectInputStream.java:1684) ~[?:?]
	at java.io.ObjectInputStream.readObject(ObjectInputStream.java:509) ~[?:?]
	at java.io.ObjectInputStream.readObject(ObjectInputStream.java:467) ~[?:?]
	at com.itis._5a.frasson.busanello.server.ClientHandler.run(ClientHandler.java:96) [classes/:?]
	at java.util.concurrent.Executors$RunnableAdapter.call(Executors.java:539) [?:?]
	at java.util.concurrent.FutureTask.run(FutureTask.java:264) [?:?]
	at java.util.concurrent.ThreadPoolExecutor.runWorker(ThreadPoolExecutor.java:1136) [?:?]
	at java.util.concurrent.ThreadPoolExecutor$Worker.run(ThreadPoolExecutor.java:635) [?:?]
	at java.lang.Thread.run(Thread.java:840) [?:?]
2025-04-24 16:25:06.681 [pool-2-thread-3] INFO  com.itis._5a.frasson.busanello.server.Server - Handling disconnect for client: 1745504670954-1
2025-04-24 16:25:06.682 [pool-2-thread-3] INFO  com.itis._5a.frasson.busanello.server.ClientHandler - Message sent to client: 1745504667411-0, type: Message
2025-04-24 16:25:06.683 [pool-2-thread-3] INFO  com.itis._5a.frasson.busanello.server.ClientHandler - Message sent to client: 1745504667411-0, type: Message
2025-04-24 16:25:06.684 [pool-2-thread-3] INFO  com.itis._5a.frasson.busanello.server.ClientHandler - Client resources cleaned up: 1745504670954-1
2025-04-24 16:25:06.684 [pool-2-thread-3] INFO  com.itis._5a.frasson.busanello.server.ClientHandler - Client disconnesso: non autenticato
2025-04-24 16:25:06.685 [pool-2-thread-3] INFO  com.itis._5a.frasson.busanello.server.Server - Handling disconnect for client: 1745504670954-1
2025-04-24 16:25:06.685 [pool-2-thread-3] INFO  com.itis._5a.frasson.busanello.server.ClientHandler - Client resources cleaned up: 1745504670954-1
2025-04-24 16:26:26.033 [pool-2-thread-2] ERROR com.itis._5a.frasson.busanello.server.ClientHandler - Errore con il client: java.net.SocketException: Connection reset
2025-04-24 16:26:26.034 [pool-2-thread-2] INFO  com.itis._5a.frasson.busanello.server.ClientHandler - Client disconnesso: non autenticato
2025-04-24 16:26:26.034 [pool-2-thread-2] INFO  com.itis._5a.frasson.busanello.server.Server - Handling disconnect for client: 1745504667411-0
2025-04-24 16:26:26.035 [pool-2-thread-2] INFO  com.itis._5a.frasson.busanello.server.ClientHandler - Client resources cleaned up: 1745504667411-0
2025-04-24 16:26:30.566 [main] INFO  com.itis._5a.frasson.busanello.server.Server - New client connected: /127.0.0.1
2025-04-24 16:26:30.567 [main] INFO  com.itis._5a.frasson.busanello.server.ClientHandler - I/O streams initialized for client: 1745504790566-2
2025-04-24 16:26:30.677 [pool-2-thread-2] INFO  com.itis._5a.frasson.busanello.server.ClientHandler - Secure communication established with client: 1745504790566-2
2025-04-24 16:26:32.142 [main] INFO  com.itis._5a.frasson.busanello.server.Server - New client connected: /127.0.0.1
2025-04-24 16:26:32.143 [main] INFO  com.itis._5a.frasson.busanello.server.ClientHandler - I/O streams initialized for client: 1745504792142-3
2025-04-24 16:26:32.233 [pool-2-thread-4] INFO  com.itis._5a.frasson.busanello.server.ClientHandler - Secure communication established with client: 1745504792142-3
2025-04-24 16:26:34.418 [pool-2-thread-4] INFO  com.itis._5a.frasson.busanello.server.ClientHandler - Client 1745504792142-3 requested match finding
2025-04-24 16:26:34.418 [pool-2-thread-4] INFO  com.itis._5a.frasson.busanello.server.Server - Player enqueued for matchmaking: 1745504792142-3
2025-04-24 16:26:34.418 [pool-2-thread-1] INFO  com.itis._5a.frasson.busanello.server.Server - Player 1 ready for match: 1745504792142-3
2025-04-24 16:26:39.009 [pool-2-thread-2] INFO  com.itis._5a.frasson.busanello.server.ClientHandler - Client 1745504790566-2 requested match finding
2025-04-24 16:26:39.009 [pool-2-thread-2] INFO  com.itis._5a.frasson.busanello.server.Server - Player enqueued for matchmaking: 1745504790566-2
2025-04-24 16:26:39.009 [pool-2-thread-1] INFO  com.itis._5a.frasson.busanello.server.Server - Player 2 ready for matchmaking: 1745504790566-2
2025-04-24 16:26:39.009 [pool-2-thread-1] INFO  com.itis._5a.frasson.busanello.server.Server - Match created and started between players: 1745504792142-3 and 1745504790566-2
2025-04-24 16:26:39.010 [pool-3-thread-2] INFO  com.itis._5a.frasson.busanello.server.ClientHandler - Message sent to client: 1745504792142-3, type: Message
2025-04-24 16:26:39.011 [pool-3-thread-2] INFO  com.itis._5a.frasson.busanello.server.ClientHandler - Message sent to client: 1745504790566-2, type: Message
2025-04-24 16:26:57.521 [pool-2-thread-4] INFO  com.itis._5a.frasson.busanello.server.ClientHandler - Message sent to client: 1745504792142-3, type: Message
2025-04-24 16:26:57.522 [pool-2-thread-4] INFO  com.itis._5a.frasson.busanello.server.ClientHandler - Message sent to client: 1745504790566-2, type: Message
2025-04-24 16:26:57.525 [pool-2-thread-4] INFO  com.itis._5a.frasson.busanello.server.ClientHandler - Message sent to client: 1745504792142-3, type: Turn
2025-04-24 16:26:57.526 [pool-2-thread-4] INFO  com.itis._5a.frasson.busanello.server.ClientHandler - Message sent to client: 1745504790566-2, type: Turn
2025-04-24 16:26:59.684 [pool-2-thread-4] INFO  com.itis._5a.frasson.busanello.server.ClientHandler - Message sent to client: 1745504792142-3, type: ResultMove
2025-04-24 16:26:59.684 [pool-2-thread-4] INFO  com.itis._5a.frasson.busanello.server.ClientHandler - Message sent to client: 1745504790566-2, type: ResultMove
2025-04-24 16:27:03.369 [pool-2-thread-2] ERROR com.itis._5a.frasson.busanello.server.ClientHandler - Error handling message.
java.io.EOFException: null
	at java.io.ObjectInputStream$BlockDataInputStream.peekByte(ObjectInputStream.java:3214) ~[?:?]
	at java.io.ObjectInputStream.readObject0(ObjectInputStream.java:1684) ~[?:?]
	at java.io.ObjectInputStream.readObject(ObjectInputStream.java:509) ~[?:?]
	at java.io.ObjectInputStream.readObject(ObjectInputStream.java:467) ~[?:?]
	at com.itis._5a.frasson.busanello.server.ClientHandler.run(ClientHandler.java:96) [classes/:?]
	at java.util.concurrent.Executors$RunnableAdapter.call(Executors.java:539) [?:?]
	at java.util.concurrent.FutureTask.run(FutureTask.java:264) [?:?]
	at java.util.concurrent.ThreadPoolExecutor.runWorker(ThreadPoolExecutor.java:1136) [?:?]
	at java.util.concurrent.ThreadPoolExecutor$Worker.run(ThreadPoolExecutor.java:635) [?:?]
	at java.lang.Thread.run(Thread.java:840) [?:?]
2025-04-24 16:27:03.370 [pool-2-thread-2] INFO  com.itis._5a.frasson.busanello.server.Server - Handling disconnect for client: 1745504790566-2
2025-04-24 16:27:03.371 [pool-2-thread-2] INFO  com.itis._5a.frasson.busanello.server.ClientHandler - Message sent to client: 1745504792142-3, type: Message
2025-04-24 16:27:03.372 [pool-2-thread-2] INFO  com.itis._5a.frasson.busanello.server.ClientHandler - Message sent to client: 1745504792142-3, type: Message
2025-04-24 16:27:03.373 [pool-2-thread-2] INFO  com.itis._5a.frasson.busanello.server.ClientHandler - Client resources cleaned up: 1745504790566-2
2025-04-24 16:27:03.374 [pool-2-thread-2] INFO  com.itis._5a.frasson.busanello.server.ClientHandler - Client disconnesso: non autenticato
2025-04-24 16:27:03.375 [pool-2-thread-2] INFO  com.itis._5a.frasson.busanello.server.Server - Handling disconnect for client: 1745504790566-2
2025-04-24 16:27:03.375 [pool-2-thread-2] INFO  com.itis._5a.frasson.busanello.server.ClientHandler - Client resources cleaned up: 1745504790566-2
2025-04-24 16:27:17.325 [pool-2-thread-4] INFO  com.itis._5a.frasson.busanello.server.ClientHandler - Client disconencted
2025-04-24 16:27:17.325 [pool-2-thread-4] INFO  com.itis._5a.frasson.busanello.server.Server - Handling disconnect for client: 1745504792142-3
2025-04-24 16:27:17.326 [pool-2-thread-4] INFO  com.itis._5a.frasson.busanello.server.ClientHandler - Client resources cleaned up: 1745504792142-3
2025-04-24 16:27:17.326 [pool-2-thread-4] INFO  com.itis._5a.frasson.busanello.server.ClientHandler - Client disconnesso: non autenticato
2025-04-24 16:27:17.326 [pool-2-thread-4] INFO  com.itis._5a.frasson.busanello.server.Server - Handling disconnect for client: 1745504792142-3
2025-04-24 16:27:17.326 [pool-2-thread-4] INFO  com.itis._5a.frasson.busanello.server.ClientHandler - Client resources cleaned up: 1745504792142-3
2025-04-24 16:27:25.961 [main] INFO  com.itis._5a.frasson.busanello.server.Server - New client connected: /127.0.0.1
2025-04-24 16:27:25.962 [main] INFO  com.itis._5a.frasson.busanello.server.ClientHandler - I/O streams initialized for client: 1745504845962-4
2025-04-24 16:27:26.061 [pool-2-thread-4] INFO  com.itis._5a.frasson.busanello.server.ClientHandler - Secure communication established with client: 1745504845962-4
2025-04-24 16:27:28.233 [main] INFO  com.itis._5a.frasson.busanello.server.Server - New client connected: /127.0.0.1
2025-04-24 16:27:28.234 [main] INFO  com.itis._5a.frasson.busanello.server.ClientHandler - I/O streams initialized for client: 1745504848233-5
2025-04-24 16:27:28.321 [pool-2-thread-2] INFO  com.itis._5a.frasson.busanello.server.ClientHandler - Secure communication established with client: 1745504848233-5
2025-04-24 16:27:28.396 [pool-2-thread-4] INFO  com.itis._5a.frasson.busanello.server.ClientHandler - Client 1745504845962-4 requested match finding
2025-04-24 16:27:28.396 [pool-2-thread-4] INFO  com.itis._5a.frasson.busanello.server.Server - Player enqueued for matchmaking: 1745504845962-4
2025-04-24 16:27:28.396 [pool-2-thread-1] INFO  com.itis._5a.frasson.busanello.server.Server - Player 1 ready for match: 1745504845962-4
2025-04-24 16:27:32.231 [pool-2-thread-2] INFO  com.itis._5a.frasson.busanello.server.ClientHandler - Client 1745504848233-5 requested match finding
2025-04-24 16:27:32.232 [pool-2-thread-2] INFO  com.itis._5a.frasson.busanello.server.Server - Player enqueued for matchmaking: 1745504848233-5
2025-04-24 16:27:32.232 [pool-2-thread-1] INFO  com.itis._5a.frasson.busanello.server.Server - Player 2 ready for matchmaking: 1745504848233-5
2025-04-24 16:27:32.232 [pool-2-thread-1] INFO  com.itis._5a.frasson.busanello.server.Server - Match created and started between players: 1745504845962-4 and 1745504848233-5
2025-04-24 16:27:32.233 [pool-3-thread-3] INFO  com.itis._5a.frasson.busanello.server.ClientHandler - Message sent to client: 1745504845962-4, type: Message
2025-04-24 16:27:32.233 [pool-3-thread-3] INFO  com.itis._5a.frasson.busanello.server.ClientHandler - Message sent to client: 1745504848233-5, type: Message
2025-04-24 16:27:59.686 [pool-2-thread-4] INFO  com.itis._5a.frasson.busanello.server.ClientHandler - Message sent to client: 1745504845962-4, type: Message
2025-04-24 16:27:59.687 [pool-2-thread-4] INFO  com.itis._5a.frasson.busanello.server.ClientHandler - Message sent to client: 1745504848233-5, type: Message
2025-04-24 16:27:59.692 [pool-2-thread-4] INFO  com.itis._5a.frasson.busanello.server.ClientHandler - Message sent to client: 1745504845962-4, type: Turn
2025-04-24 16:27:59.693 [pool-2-thread-4] INFO  com.itis._5a.frasson.busanello.server.ClientHandler - Message sent to client: 1745504848233-5, type: Turn
2025-04-24 16:28:03.095 [pool-2-thread-4] ERROR com.itis._5a.frasson.busanello.server.ClientHandler - Error handling message.
java.io.EOFException: null
	at java.io.ObjectInputStream$BlockDataInputStream.peekByte(ObjectInputStream.java:3214) ~[?:?]
	at java.io.ObjectInputStream.readObject0(ObjectInputStream.java:1684) ~[?:?]
	at java.io.ObjectInputStream.readObject(ObjectInputStream.java:509) ~[?:?]
	at java.io.ObjectInputStream.readObject(ObjectInputStream.java:467) ~[?:?]
	at com.itis._5a.frasson.busanello.server.ClientHandler.run(ClientHandler.java:96) [classes/:?]
	at java.util.concurrent.Executors$RunnableAdapter.call(Executors.java:539) [?:?]
	at java.util.concurrent.FutureTask.run(FutureTask.java:264) [?:?]
	at java.util.concurrent.ThreadPoolExecutor.runWorker(ThreadPoolExecutor.java:1136) [?:?]
	at java.util.concurrent.ThreadPoolExecutor$Worker.run(ThreadPoolExecutor.java:635) [?:?]
	at java.lang.Thread.run(Thread.java:840) [?:?]
2025-04-24 16:28:03.096 [pool-2-thread-4] INFO  com.itis._5a.frasson.busanello.server.Server - Handling disconnect for client: 1745504845962-4
2025-04-24 16:28:03.096 [pool-2-thread-4] INFO  com.itis._5a.frasson.busanello.server.ClientHandler - Message sent to client: 1745504848233-5, type: Message
2025-04-24 16:28:03.097 [pool-2-thread-4] INFO  com.itis._5a.frasson.busanello.server.ClientHandler - Message sent to client: 1745504848233-5, type: Message
2025-04-24 16:28:03.097 [pool-2-thread-4] INFO  com.itis._5a.frasson.busanello.server.ClientHandler - Client resources cleaned up: 1745504845962-4
2025-04-24 16:28:03.097 [pool-2-thread-4] INFO  com.itis._5a.frasson.busanello.server.ClientHandler - Client disconnesso: non autenticato
2025-04-24 16:28:03.098 [pool-2-thread-4] INFO  com.itis._5a.frasson.busanello.server.Server - Handling disconnect for client: 1745504845962-4
2025-04-24 16:28:03.098 [pool-2-thread-4] INFO  com.itis._5a.frasson.busanello.server.ClientHandler - Client resources cleaned up: 1745504845962-4
2025-04-24 16:29:55.475 [pool-2-thread-2] ERROR com.itis._5a.frasson.busanello.server.ClientHandler - Errore con il client: java.net.SocketException: Connection reset
2025-04-24 16:29:55.475 [pool-2-thread-2] INFO  com.itis._5a.frasson.busanello.server.ClientHandler - Client disconnesso: non autenticato
2025-04-24 16:29:55.475 [pool-2-thread-2] INFO  com.itis._5a.frasson.busanello.server.Server - Handling disconnect for client: 1745504848233-5
2025-04-24 16:29:55.476 [pool-2-thread-2] INFO  com.itis._5a.frasson.busanello.server.ClientHandler - Client resources cleaned up: 1745504848233-5
2025-04-24 16:29:59.027 [main] INFO  com.itis._5a.frasson.busanello.server.Server - New client connected: /127.0.0.1
2025-04-24 16:29:59.029 [main] INFO  com.itis._5a.frasson.busanello.server.ClientHandler - I/O streams initialized for client: 1745504999027-6
2025-04-24 16:29:59.123 [pool-2-thread-2] INFO  com.itis._5a.frasson.busanello.server.ClientHandler - Secure communication established with client: 1745504999027-6
2025-04-24 16:30:00.492 [main] INFO  com.itis._5a.frasson.busanello.server.Server - New client connected: /127.0.0.1
2025-04-24 16:30:00.493 [main] INFO  com.itis._5a.frasson.busanello.server.ClientHandler - I/O streams initialized for client: 1745505000492-7
2025-04-24 16:30:00.576 [pool-2-thread-5] INFO  com.itis._5a.frasson.busanello.server.ClientHandler - Secure communication established with client: 1745505000492-7
2025-04-24 16:30:04.582 [pool-2-thread-2] INFO  com.itis._5a.frasson.busanello.server.ClientHandler - Client 1745504999027-6 requested match finding
2025-04-24 16:30:04.583 [pool-2-thread-2] INFO  com.itis._5a.frasson.busanello.server.Server - Player enqueued for matchmaking: 1745504999027-6
2025-04-24 16:30:04.583 [pool-2-thread-1] INFO  com.itis._5a.frasson.busanello.server.Server - Player 1 ready for match: 1745504999027-6
2025-04-24 16:30:06.897 [pool-2-thread-5] INFO  com.itis._5a.frasson.busanello.server.ClientHandler - Client 1745505000492-7 requested match finding
2025-04-24 16:30:06.897 [pool-2-thread-5] INFO  com.itis._5a.frasson.busanello.server.Server - Player enqueued for matchmaking: 1745505000492-7
2025-04-24 16:30:06.897 [pool-2-thread-1] INFO  com.itis._5a.frasson.busanello.server.Server - Player 2 ready for matchmaking: 1745505000492-7
2025-04-24 16:30:06.898 [pool-2-thread-1] INFO  com.itis._5a.frasson.busanello.server.Server - Match created and started between players: 1745504999027-6 and 1745505000492-7
2025-04-24 16:30:06.899 [pool-3-thread-4] INFO  com.itis._5a.frasson.busanello.server.ClientHandler - Message sent to client: 1745504999027-6, type: Message
2025-04-24 16:30:06.900 [pool-3-thread-4] INFO  com.itis._5a.frasson.busanello.server.ClientHandler - Message sent to client: 1745505000492-7, type: Message
2025-04-24 16:30:27.373 [pool-2-thread-2] INFO  com.itis._5a.frasson.busanello.server.ClientHandler - Message sent to client: 1745504999027-6, type: Message
2025-04-24 16:30:27.374 [pool-2-thread-2] INFO  com.itis._5a.frasson.busanello.server.ClientHandler - Message sent to client: 1745505000492-7, type: Message
2025-04-24 16:30:27.378 [pool-2-thread-2] INFO  com.itis._5a.frasson.busanello.server.ClientHandler - Message sent to client: 1745504999027-6, type: Turn
2025-04-24 16:30:27.379 [pool-2-thread-2] INFO  com.itis._5a.frasson.busanello.server.ClientHandler - Message sent to client: 1745505000492-7, type: Turn
2025-04-24 16:30:31.544 [pool-2-thread-5] ERROR com.itis._5a.frasson.busanello.server.ClientHandler - Error handling message.
java.io.EOFException: null
	at java.io.ObjectInputStream$BlockDataInputStream.peekByte(ObjectInputStream.java:3214) ~[?:?]
	at java.io.ObjectInputStream.readObject0(ObjectInputStream.java:1684) ~[?:?]
	at java.io.ObjectInputStream.readObject(ObjectInputStream.java:509) ~[?:?]
	at java.io.ObjectInputStream.readObject(ObjectInputStream.java:467) ~[?:?]
	at com.itis._5a.frasson.busanello.server.ClientHandler.run(ClientHandler.java:96) [classes/:?]
	at java.util.concurrent.Executors$RunnableAdapter.call(Executors.java:539) [?:?]
	at java.util.concurrent.FutureTask.run(FutureTask.java:264) [?:?]
	at java.util.concurrent.ThreadPoolExecutor.runWorker(ThreadPoolExecutor.java:1136) [?:?]
	at java.util.concurrent.ThreadPoolExecutor$Worker.run(ThreadPoolExecutor.java:635) [?:?]
	at java.lang.Thread.run(Thread.java:840) [?:?]
2025-04-24 16:30:31.544 [pool-2-thread-5] INFO  com.itis._5a.frasson.busanello.server.Server - Handling disconnect for client: 1745505000492-7
2025-04-24 16:30:31.545 [pool-2-thread-5] INFO  com.itis._5a.frasson.busanello.server.ClientHandler - Message sent to client: 1745504999027-6, type: Message
2025-04-24 16:30:31.546 [pool-2-thread-5] INFO  com.itis._5a.frasson.busanello.server.ClientHandler - Message sent to client: 1745504999027-6, type: Message
2025-04-24 16:30:31.546 [pool-2-thread-5] INFO  com.itis._5a.frasson.busanello.server.ClientHandler - Client resources cleaned up: 1745505000492-7
2025-04-24 16:30:31.547 [pool-2-thread-5] INFO  com.itis._5a.frasson.busanello.server.ClientHandler - Client disconnesso: non autenticato
2025-04-24 16:30:31.547 [pool-2-thread-5] INFO  com.itis._5a.frasson.busanello.server.Server - Handling disconnect for client: 1745505000492-7
2025-04-24 16:30:31.547 [pool-2-thread-5] INFO  com.itis._5a.frasson.busanello.server.ClientHandler - Client resources cleaned up: 1745505000492-7
2025-04-24 16:33:02.803 [pool-2-thread-2] ERROR com.itis._5a.frasson.busanello.server.ClientHandler - Errore con il client: java.net.SocketException: Connection reset
2025-04-24 16:33:02.803 [pool-2-thread-2] INFO  com.itis._5a.frasson.busanello.server.ClientHandler - Client disconnesso: non autenticato
2025-04-24 16:33:02.803 [pool-2-thread-2] INFO  com.itis._5a.frasson.busanello.server.Server - Handling disconnect for client: 1745504999027-6
2025-04-24 16:33:02.803 [pool-2-thread-2] INFO  com.itis._5a.frasson.busanello.server.ClientHandler - Client resources cleaned up: 1745504999027-6
2025-04-24 16:33:05.938 [main] INFO  com.itis._5a.frasson.busanello.server.Server - New client connected: /127.0.0.1
2025-04-24 16:33:05.941 [main] INFO  com.itis._5a.frasson.busanello.server.ClientHandler - I/O streams initialized for client: 1745505185939-8
2025-04-24 16:33:06.031 [pool-2-thread-2] INFO  com.itis._5a.frasson.busanello.server.ClientHandler - Secure communication established with client: 1745505185939-8
2025-04-24 16:33:07.500 [main] INFO  com.itis._5a.frasson.busanello.server.Server - New client connected: /127.0.0.1
2025-04-24 16:33:07.501 [main] INFO  com.itis._5a.frasson.busanello.server.ClientHandler - I/O streams initialized for client: 1745505187500-9
2025-04-24 16:33:07.585 [pool-2-thread-6] INFO  com.itis._5a.frasson.busanello.server.ClientHandler - Secure communication established with client: 1745505187500-9
2025-04-24 16:33:14.474 [pool-2-thread-6] INFO  com.itis._5a.frasson.busanello.server.ClientHandler - Client 1745505187500-9 requested match finding
2025-04-24 16:33:14.474 [pool-2-thread-6] INFO  com.itis._5a.frasson.busanello.server.Server - Player enqueued for matchmaking: 1745505187500-9
2025-04-24 16:33:14.474 [pool-2-thread-1] INFO  com.itis._5a.frasson.busanello.server.Server - Player 1 ready for match: 1745505187500-9
2025-04-24 16:33:19.447 [pool-2-thread-2] INFO  com.itis._5a.frasson.busanello.server.ClientHandler - Client 1745505185939-8 requested match finding
2025-04-24 16:33:19.448 [pool-2-thread-2] INFO  com.itis._5a.frasson.busanello.server.Server - Player enqueued for matchmaking: 1745505185939-8
2025-04-24 16:33:19.448 [pool-2-thread-1] INFO  com.itis._5a.frasson.busanello.server.Server - Player 2 ready for matchmaking: 1745505185939-8
2025-04-24 16:33:19.448 [pool-2-thread-1] INFO  com.itis._5a.frasson.busanello.server.Server - Match created and started between players: 1745505187500-9 and 1745505185939-8
2025-04-24 16:33:19.449 [pool-3-thread-5] INFO  com.itis._5a.frasson.busanello.server.ClientHandler - Message sent to client: 1745505187500-9, type: Message
2025-04-24 16:33:19.449 [pool-3-thread-5] INFO  com.itis._5a.frasson.busanello.server.ClientHandler - Message sent to client: 1745505185939-8, type: Message
2025-04-24 16:33:38.972 [pool-2-thread-6] INFO  com.itis._5a.frasson.busanello.server.ClientHandler - Message sent to client: 1745505187500-9, type: Message
2025-04-24 16:33:38.972 [pool-2-thread-6] INFO  com.itis._5a.frasson.busanello.server.ClientHandler - Message sent to client: 1745505185939-8, type: Message
2025-04-24 16:33:38.974 [pool-2-thread-6] INFO  com.itis._5a.frasson.busanello.server.ClientHandler - Message sent to client: 1745505187500-9, type: Turn
2025-04-24 16:33:38.975 [pool-2-thread-6] INFO  com.itis._5a.frasson.busanello.server.ClientHandler - Message sent to client: 1745505185939-8, type: Turn
2025-04-24 16:33:43.052 [pool-2-thread-2] ERROR com.itis._5a.frasson.busanello.server.ClientHandler - Error handling message.
java.io.EOFException: null
	at java.io.ObjectInputStream$BlockDataInputStream.peekByte(ObjectInputStream.java:3214) ~[?:?]
	at java.io.ObjectInputStream.readObject0(ObjectInputStream.java:1684) ~[?:?]
	at java.io.ObjectInputStream.readObject(ObjectInputStream.java:509) ~[?:?]
	at java.io.ObjectInputStream.readObject(ObjectInputStream.java:467) ~[?:?]
	at com.itis._5a.frasson.busanello.server.ClientHandler.run(ClientHandler.java:96) [classes/:?]
	at java.util.concurrent.Executors$RunnableAdapter.call(Executors.java:539) [?:?]
	at java.util.concurrent.FutureTask.run(FutureTask.java:264) [?:?]
	at java.util.concurrent.ThreadPoolExecutor.runWorker(ThreadPoolExecutor.java:1136) [?:?]
	at java.util.concurrent.ThreadPoolExecutor$Worker.run(ThreadPoolExecutor.java:635) [?:?]
	at java.lang.Thread.run(Thread.java:840) [?:?]
2025-04-24 16:33:43.053 [pool-2-thread-2] INFO  com.itis._5a.frasson.busanello.server.Server - Handling disconnect for client: 1745505185939-8
2025-04-24 16:33:43.054 [pool-2-thread-2] INFO  com.itis._5a.frasson.busanello.server.ClientHandler - Message sent to client: 1745505187500-9, type: Message
2025-04-24 16:33:43.055 [pool-2-thread-2] INFO  com.itis._5a.frasson.busanello.server.ClientHandler - Message sent to client: 1745505187500-9, type: Message
2025-04-24 16:33:43.055 [pool-2-thread-2] INFO  com.itis._5a.frasson.busanello.server.ClientHandler - Client resources cleaned up: 1745505185939-8
2025-04-24 16:33:43.055 [pool-2-thread-2] INFO  com.itis._5a.frasson.busanello.server.ClientHandler - Client disconnesso: non autenticato
2025-04-24 16:33:43.056 [pool-2-thread-2] INFO  com.itis._5a.frasson.busanello.server.Server - Handling disconnect for client: 1745505185939-8
2025-04-24 16:33:43.056 [pool-2-thread-2] INFO  com.itis._5a.frasson.busanello.server.ClientHandler - Client resources cleaned up: 1745505185939-8
2025-04-24 16:33:52.415 [pool-2-thread-6] WARN  com.itis._5a.frasson.busanello.server.ClientHandler - Unknown message type from client 1745505187500-9: MOVE
2025-04-24 16:33:53.766 [pool-2-thread-6] WARN  com.itis._5a.frasson.busanello.server.ClientHandler - Unknown message type from client 1745505187500-9: MOVE
2025-04-24 16:36:28.976 [pool-2-thread-6] ERROR com.itis._5a.frasson.busanello.server.ClientHandler - Errore con il client: java.net.SocketException: Connection reset
2025-04-24 16:36:28.976 [pool-2-thread-6] INFO  com.itis._5a.frasson.busanello.server.ClientHandler - Client disconnesso: non autenticato
2025-04-24 16:36:28.976 [pool-2-thread-6] INFO  com.itis._5a.frasson.busanello.server.Server - Handling disconnect for client: 1745505187500-9
2025-04-24 16:36:28.977 [pool-2-thread-6] INFO  com.itis._5a.frasson.busanello.server.ClientHandler - Client resources cleaned up: 1745505187500-9
2025-04-24 16:36:31.769 [main] INFO  com.itis._5a.frasson.busanello.server.Server - New client connected: /127.0.0.1
2025-04-24 16:36:31.770 [main] INFO  com.itis._5a.frasson.busanello.server.ClientHandler - I/O streams initialized for client: 1745505391769-10
2025-04-24 16:36:31.875 [pool-2-thread-6] INFO  com.itis._5a.frasson.busanello.server.ClientHandler - Secure communication established with client: 1745505391769-10
2025-04-24 16:36:33.281 [main] INFO  com.itis._5a.frasson.busanello.server.Server - New client connected: /127.0.0.1
2025-04-24 16:36:33.282 [main] INFO  com.itis._5a.frasson.busanello.server.ClientHandler - I/O streams initialized for client: 1745505393282-11
2025-04-24 16:36:33.368 [pool-2-thread-7] INFO  com.itis._5a.frasson.busanello.server.ClientHandler - Secure communication established with client: 1745505393282-11
2025-04-24 16:36:35.523 [pool-2-thread-7] INFO  com.itis._5a.frasson.busanello.server.ClientHandler - Client 1745505393282-11 requested match finding
2025-04-24 16:36:35.523 [pool-2-thread-7] INFO  com.itis._5a.frasson.busanello.server.Server - Player enqueued for matchmaking: 1745505393282-11
2025-04-24 16:36:35.523 [pool-2-thread-1] INFO  com.itis._5a.frasson.busanello.server.Server - Player 1 ready for match: 1745505393282-11
2025-04-24 16:36:38.610 [pool-2-thread-6] INFO  com.itis._5a.frasson.busanello.server.ClientHandler - Client 1745505391769-10 requested match finding
2025-04-24 16:36:38.611 [pool-2-thread-6] INFO  com.itis._5a.frasson.busanello.server.Server - Player enqueued for matchmaking: 1745505391769-10
2025-04-24 16:36:38.611 [pool-2-thread-1] INFO  com.itis._5a.frasson.busanello.server.Server - Player 2 ready for matchmaking: 1745505391769-10
2025-04-24 16:36:38.611 [pool-2-thread-1] INFO  com.itis._5a.frasson.busanello.server.Server - Match created and started between players: 1745505393282-11 and 1745505391769-10
2025-04-24 16:36:38.613 [pool-3-thread-6] INFO  com.itis._5a.frasson.busanello.server.ClientHandler - Message sent to client: 1745505393282-11, type: Message
2025-04-24 16:36:38.616 [pool-3-thread-6] INFO  com.itis._5a.frasson.busanello.server.ClientHandler - Message sent to client: 1745505391769-10, type: Message
2025-04-24 16:36:58.546 [pool-2-thread-7] INFO  com.itis._5a.frasson.busanello.server.ClientHandler - Message sent to client: 1745505393282-11, type: Message
2025-04-24 16:36:58.547 [pool-2-thread-7] INFO  com.itis._5a.frasson.busanello.server.ClientHandler - Message sent to client: 1745505391769-10, type: Message
2025-04-24 16:36:58.550 [pool-2-thread-7] INFO  com.itis._5a.frasson.busanello.server.ClientHandler - Message sent to client: 1745505393282-11, type: Turn
2025-04-24 16:36:58.550 [pool-2-thread-7] INFO  com.itis._5a.frasson.busanello.server.ClientHandler - Message sent to client: 1745505391769-10, type: Turn
2025-04-24 16:37:01.602 [pool-2-thread-6] ERROR com.itis._5a.frasson.busanello.server.ClientHandler - Error handling message.
java.io.EOFException: null
	at java.io.ObjectInputStream$BlockDataInputStream.peekByte(ObjectInputStream.java:3214) ~[?:?]
	at java.io.ObjectInputStream.readObject0(ObjectInputStream.java:1684) ~[?:?]
	at java.io.ObjectInputStream.readObject(ObjectInputStream.java:509) ~[?:?]
	at java.io.ObjectInputStream.readObject(ObjectInputStream.java:467) ~[?:?]
	at com.itis._5a.frasson.busanello.server.ClientHandler.run(ClientHandler.java:96) [classes/:?]
	at java.util.concurrent.Executors$RunnableAdapter.call(Executors.java:539) [?:?]
	at java.util.concurrent.FutureTask.run(FutureTask.java:264) [?:?]
	at java.util.concurrent.ThreadPoolExecutor.runWorker(ThreadPoolExecutor.java:1136) [?:?]
	at java.util.concurrent.ThreadPoolExecutor$Worker.run(ThreadPoolExecutor.java:635) [?:?]
	at java.lang.Thread.run(Thread.java:840) [?:?]
2025-04-24 16:37:01.602 [pool-2-thread-6] INFO  com.itis._5a.frasson.busanello.server.Server - Handling disconnect for client: 1745505391769-10
2025-04-24 16:37:01.603 [pool-2-thread-6] INFO  com.itis._5a.frasson.busanello.server.ClientHandler - Message sent to client: 1745505393282-11, type: Message
2025-04-24 16:37:01.604 [pool-2-thread-6] INFO  com.itis._5a.frasson.busanello.server.ClientHandler - Message sent to client: 1745505393282-11, type: Message
2025-04-24 16:37:01.604 [pool-2-thread-6] INFO  com.itis._5a.frasson.busanello.server.ClientHandler - Client resources cleaned up: 1745505391769-10
2025-04-24 16:37:01.604 [pool-2-thread-6] INFO  com.itis._5a.frasson.busanello.server.ClientHandler - Client disconnesso: non autenticato
2025-04-24 16:37:01.604 [pool-2-thread-6] INFO  com.itis._5a.frasson.busanello.server.Server - Handling disconnect for client: 1745505391769-10
2025-04-24 16:37:01.604 [pool-2-thread-6] INFO  com.itis._5a.frasson.busanello.server.ClientHandler - Client resources cleaned up: 1745505391769-10
2025-04-24 16:37:19.024 [pool-2-thread-7] WARN  com.itis._5a.frasson.busanello.server.ClientHandler - Unknown message type from client 1745505393282-11: MOVE
2025-04-24 16:37:22.999 [pool-2-thread-7] INFO  com.itis._5a.frasson.busanello.server.ClientHandler - Client disconencted
2025-04-24 16:37:22.999 [pool-2-thread-7] INFO  com.itis._5a.frasson.busanello.server.Server - Handling disconnect for client: 1745505393282-11
2025-04-24 16:37:22.999 [pool-2-thread-7] INFO  com.itis._5a.frasson.busanello.server.ClientHandler - Client resources cleaned up: 1745505393282-11
2025-04-24 16:37:23.000 [pool-2-thread-7] INFO  com.itis._5a.frasson.busanello.server.ClientHandler - Client disconnesso: non autenticato
2025-04-24 16:37:23.000 [pool-2-thread-7] INFO  com.itis._5a.frasson.busanello.server.Server - Handling disconnect for client: 1745505393282-11
2025-04-24 16:37:23.000 [pool-2-thread-7] INFO  com.itis._5a.frasson.busanello.server.ClientHandler - Client resources cleaned up: 1745505393282-11
2025-04-24 16:39:28.412 [main] INFO  com.itis._5a.frasson.busanello.server.Server - New client connected: /127.0.0.1
2025-04-24 16:39:28.412 [main] INFO  com.itis._5a.frasson.busanello.server.ClientHandler - I/O streams initialized for client: 1745505568412-12
2025-04-24 16:39:28.490 [pool-2-thread-8] INFO  com.itis._5a.frasson.busanello.server.ClientHandler - Secure communication established with client: 1745505568412-12
2025-04-24 16:39:30.381 [main] INFO  com.itis._5a.frasson.busanello.server.Server - New client connected: /127.0.0.1
2025-04-24 16:39:30.382 [main] INFO  com.itis._5a.frasson.busanello.server.ClientHandler - I/O streams initialized for client: 1745505570381-13
2025-04-24 16:39:30.468 [pool-2-thread-9] INFO  com.itis._5a.frasson.busanello.server.ClientHandler - Secure communication established with client: 1745505570381-13
2025-04-24 16:39:32.185 [pool-2-thread-9] INFO  com.itis._5a.frasson.busanello.server.ClientHandler - Client 1745505570381-13 requested match finding
2025-04-24 16:39:32.185 [pool-2-thread-9] INFO  com.itis._5a.frasson.busanello.server.Server - Player enqueued for matchmaking: 1745505570381-13
2025-04-24 16:39:32.185 [pool-2-thread-1] INFO  com.itis._5a.frasson.busanello.server.Server - Player 1 ready for match: 1745505570381-13
2025-04-24 16:39:38.090 [pool-2-thread-8] INFO  com.itis._5a.frasson.busanello.server.ClientHandler - Client 1745505568412-12 requested match finding
2025-04-24 16:39:38.090 [pool-2-thread-8] INFO  com.itis._5a.frasson.busanello.server.Server - Player enqueued for matchmaking: 1745505568412-12
2025-04-24 16:39:38.090 [pool-2-thread-1] INFO  com.itis._5a.frasson.busanello.server.Server - Player 2 ready for matchmaking: 1745505568412-12
2025-04-24 16:39:38.091 [pool-2-thread-1] INFO  com.itis._5a.frasson.busanello.server.Server - Match created and started between players: 1745505570381-13 and 1745505568412-12
2025-04-24 16:39:38.091 [pool-3-thread-7] INFO  com.itis._5a.frasson.busanello.server.ClientHandler - Message sent to client: 1745505570381-13, type: Message
2025-04-24 16:39:38.092 [pool-3-thread-7] INFO  com.itis._5a.frasson.busanello.server.ClientHandler - Message sent to client: 1745505568412-12, type: Message
2025-04-24 16:39:58.941 [pool-2-thread-9] INFO  com.itis._5a.frasson.busanello.server.ClientHandler - Message sent to client: 1745505570381-13, type: Message
2025-04-24 16:39:58.941 [pool-2-thread-9] INFO  com.itis._5a.frasson.busanello.server.ClientHandler - Message sent to client: 1745505568412-12, type: Message
2025-04-24 16:39:58.947 [pool-2-thread-8] INFO  com.itis._5a.frasson.busanello.server.ClientHandler - Message sent to client: 1745505568412-12, type: Turn
2025-04-24 16:39:58.948 [pool-2-thread-8] INFO  com.itis._5a.frasson.busanello.server.ClientHandler - Message sent to client: 1745505570381-13, type: Turn
2025-04-24 16:40:02.148 [pool-2-thread-9] ERROR com.itis._5a.frasson.busanello.server.ClientHandler - Error handling message.
java.io.EOFException: null
	at java.io.ObjectInputStream$BlockDataInputStream.peekByte(ObjectInputStream.java:3214) ~[?:?]
	at java.io.ObjectInputStream.readObject0(ObjectInputStream.java:1684) ~[?:?]
	at java.io.ObjectInputStream.readObject(ObjectInputStream.java:509) ~[?:?]
	at java.io.ObjectInputStream.readObject(ObjectInputStream.java:467) ~[?:?]
	at com.itis._5a.frasson.busanello.server.ClientHandler.run(ClientHandler.java:96) [classes/:?]
	at java.util.concurrent.Executors$RunnableAdapter.call(Executors.java:539) [?:?]
	at java.util.concurrent.FutureTask.run(FutureTask.java:264) [?:?]
	at java.util.concurrent.ThreadPoolExecutor.runWorker(ThreadPoolExecutor.java:1136) [?:?]
	at java.util.concurrent.ThreadPoolExecutor$Worker.run(ThreadPoolExecutor.java:635) [?:?]
	at java.lang.Thread.run(Thread.java:840) [?:?]
2025-04-24 16:40:02.149 [pool-2-thread-9] INFO  com.itis._5a.frasson.busanello.server.Server - Handling disconnect for client: 1745505570381-13
2025-04-24 16:40:02.149 [pool-2-thread-9] INFO  com.itis._5a.frasson.busanello.server.ClientHandler - Message sent to client: 1745505568412-12, type: Message
2025-04-24 16:40:02.149 [pool-2-thread-9] INFO  com.itis._5a.frasson.busanello.server.ClientHandler - Message sent to client: 1745505568412-12, type: Message
2025-04-24 16:40:02.150 [pool-2-thread-9] INFO  com.itis._5a.frasson.busanello.server.ClientHandler - Client resources cleaned up: 1745505570381-13
2025-04-24 16:40:02.150 [pool-2-thread-9] INFO  com.itis._5a.frasson.busanello.server.ClientHandler - Client disconnesso: non autenticato
2025-04-24 16:40:02.150 [pool-2-thread-9] INFO  com.itis._5a.frasson.busanello.server.Server - Handling disconnect for client: 1745505570381-13
2025-04-24 16:40:02.150 [pool-2-thread-9] INFO  com.itis._5a.frasson.busanello.server.ClientHandler - Client resources cleaned up: 1745505570381-13
2025-04-24 16:42:26.815 [pool-2-thread-8] WARN  com.itis._5a.frasson.busanello.server.ClientHandler - Unknown message type from client 1745505568412-12: MOVE
2025-04-24 16:42:37.616 [pool-2-thread-8] INFO  com.itis._5a.frasson.busanello.server.ClientHandler - Client disconencted
2025-04-24 16:42:37.616 [pool-2-thread-8] INFO  com.itis._5a.frasson.busanello.server.Server - Handling disconnect for client: 1745505568412-12
2025-04-24 16:42:37.616 [pool-2-thread-8] INFO  com.itis._5a.frasson.busanello.server.ClientHandler - Client resources cleaned up: 1745505568412-12
2025-04-24 16:42:37.616 [pool-2-thread-8] INFO  com.itis._5a.frasson.busanello.server.ClientHandler - Client disconnesso: non autenticato
2025-04-24 16:42:37.616 [pool-2-thread-8] INFO  com.itis._5a.frasson.busanello.server.Server - Handling disconnect for client: 1745505568412-12
2025-04-24 16:42:37.616 [pool-2-thread-8] INFO  com.itis._5a.frasson.busanello.server.ClientHandler - Client resources cleaned up: 1745505568412-12
2025-04-24 16:45:57.311 [main] INFO  com.itis._5a.frasson.busanello.server.Server - New client connected: /127.0.0.1
2025-04-24 16:45:57.312 [main] INFO  com.itis._5a.frasson.busanello.server.ClientHandler - I/O streams initialized for client: 1745505957312-14
2025-04-24 16:45:57.411 [pool-2-thread-10] INFO  com.itis._5a.frasson.busanello.server.ClientHandler - Secure communication established with client: 1745505957312-14
2025-04-24 16:45:58.876 [main] INFO  com.itis._5a.frasson.busanello.server.Server - New client connected: /127.0.0.1
2025-04-24 16:45:58.877 [main] INFO  com.itis._5a.frasson.busanello.server.ClientHandler - I/O streams initialized for client: 1745505958876-15
2025-04-24 16:45:58.967 [pool-2-thread-11] INFO  com.itis._5a.frasson.busanello.server.ClientHandler - Secure communication established with client: 1745505958876-15
2025-04-24 16:46:00.911 [pool-2-thread-11] INFO  com.itis._5a.frasson.busanello.server.ClientHandler - Client 1745505958876-15 requested match finding
2025-04-24 16:46:00.911 [pool-2-thread-11] INFO  com.itis._5a.frasson.busanello.server.Server - Player enqueued for matchmaking: 1745505958876-15
2025-04-24 16:46:00.911 [pool-2-thread-1] INFO  com.itis._5a.frasson.busanello.server.Server - Player 1 ready for match: 1745505958876-15
2025-04-24 16:46:02.909 [pool-2-thread-10] INFO  com.itis._5a.frasson.busanello.server.ClientHandler - Client 1745505957312-14 requested match finding
2025-04-24 16:46:02.909 [pool-2-thread-10] INFO  com.itis._5a.frasson.busanello.server.Server - Player enqueued for matchmaking: 1745505957312-14
2025-04-24 16:46:02.910 [pool-2-thread-1] INFO  com.itis._5a.frasson.busanello.server.Server - Player 2 ready for matchmaking: 1745505957312-14
2025-04-24 16:46:02.910 [pool-2-thread-1] INFO  com.itis._5a.frasson.busanello.server.Server - Match created and started between players: 1745505958876-15 and 1745505957312-14
2025-04-24 16:46:02.912 [pool-3-thread-8] INFO  com.itis._5a.frasson.busanello.server.ClientHandler - Message sent to client: 1745505958876-15, type: Message
2025-04-24 16:46:02.913 [pool-3-thread-8] INFO  com.itis._5a.frasson.busanello.server.ClientHandler - Message sent to client: 1745505957312-14, type: Message
2025-04-24 16:46:21.255 [pool-2-thread-11] INFO  com.itis._5a.frasson.busanello.server.ClientHandler - Message sent to client: 1745505958876-15, type: Message
2025-04-24 16:46:21.256 [pool-2-thread-11] INFO  com.itis._5a.frasson.busanello.server.ClientHandler - Message sent to client: 1745505957312-14, type: Message
2025-04-24 16:46:21.259 [pool-2-thread-11] INFO  com.itis._5a.frasson.busanello.server.ClientHandler - Message sent to client: 1745505958876-15, type: Turn
2025-04-24 16:46:21.260 [pool-2-thread-11] INFO  com.itis._5a.frasson.busanello.server.ClientHandler - Message sent to client: 1745505957312-14, type: Turn
2025-04-24 16:46:28.341 [pool-2-thread-11] INFO  com.itis._5a.frasson.busanello.server.ClientHandler - Message sent to client: 1745505958876-15, type: ResultMove
2025-04-24 16:46:28.341 [pool-2-thread-11] INFO  com.itis._5a.frasson.busanello.server.ClientHandler - Message sent to client: 1745505957312-14, type: ResultMove
2025-04-24 16:51:05.819 [pool-2-thread-10] ERROR com.itis._5a.frasson.busanello.server.ClientHandler - Errore con il client: java.net.SocketException: Connection reset
2025-04-24 16:51:05.820 [pool-2-thread-10] INFO  com.itis._5a.frasson.busanello.server.ClientHandler - Client disconnesso: non autenticato
2025-04-24 16:51:05.820 [pool-2-thread-10] INFO  com.itis._5a.frasson.busanello.server.Server - Handling disconnect for client: 1745505957312-14
2025-04-24 16:51:05.822 [pool-2-thread-10] INFO  com.itis._5a.frasson.busanello.server.ClientHandler - Message sent to client: 1745505958876-15, type: Message
2025-04-24 16:51:05.822 [pool-2-thread-10] INFO  com.itis._5a.frasson.busanello.server.ClientHandler - Message sent to client: 1745505958876-15, type: Message
2025-04-24 16:51:05.823 [pool-2-thread-10] INFO  com.itis._5a.frasson.busanello.server.ClientHandler - Client resources cleaned up: 1745505957312-14
2025-04-24 16:51:07.905 [pool-2-thread-11] ERROR com.itis._5a.frasson.busanello.server.ClientHandler - Errore con il client: java.net.SocketException: Connection reset
2025-04-24 16:51:07.906 [pool-2-thread-11] INFO  com.itis._5a.frasson.busanello.server.ClientHandler - Client disconnesso: non autenticato
2025-04-24 16:51:07.906 [pool-2-thread-11] INFO  com.itis._5a.frasson.busanello.server.Server - Handling disconnect for client: 1745505958876-15
2025-04-24 16:51:07.906 [pool-2-thread-11] INFO  com.itis._5a.frasson.busanello.server.ClientHandler - Client resources cleaned up: 1745505958876-15
2025-04-24 16:51:15.227 [main] INFO  com.itis._5a.frasson.busanello.server.Server - New client connected: /127.0.0.1
2025-04-24 16:51:15.227 [main] INFO  com.itis._5a.frasson.busanello.server.ClientHandler - I/O streams initialized for client: 1745506275227-16
2025-04-24 16:51:15.309 [pool-2-thread-11] INFO  com.itis._5a.frasson.busanello.server.ClientHandler - Secure communication established with client: 1745506275227-16
2025-04-24 16:51:17.496 [main] INFO  com.itis._5a.frasson.busanello.server.Server - New client connected: /127.0.0.1
2025-04-24 16:51:17.496 [main] INFO  com.itis._5a.frasson.busanello.server.ClientHandler - I/O streams initialized for client: 1745506277496-17
2025-04-24 16:51:17.573 [pool-2-thread-10] INFO  com.itis._5a.frasson.busanello.server.ClientHandler - Secure communication established with client: 1745506277496-17
2025-04-24 16:51:20.905 [pool-2-thread-11] INFO  com.itis._5a.frasson.busanello.server.ClientHandler - Client 1745506275227-16 requested match finding
2025-04-24 16:51:20.906 [pool-2-thread-11] INFO  com.itis._5a.frasson.busanello.server.Server - Player enqueued for matchmaking: 1745506275227-16
2025-04-24 16:51:20.906 [pool-2-thread-1] INFO  com.itis._5a.frasson.busanello.server.Server - Player 1 ready for match: 1745506275227-16
2025-04-24 16:51:24.308 [pool-2-thread-10] INFO  com.itis._5a.frasson.busanello.server.ClientHandler - Client 1745506277496-17 requested match finding
2025-04-24 16:51:24.309 [pool-2-thread-10] INFO  com.itis._5a.frasson.busanello.server.Server - Player enqueued for matchmaking: 1745506277496-17
2025-04-24 16:51:24.309 [pool-2-thread-1] INFO  com.itis._5a.frasson.busanello.server.Server - Player 2 ready for matchmaking: 1745506277496-17
2025-04-24 16:51:24.309 [pool-2-thread-1] INFO  com.itis._5a.frasson.busanello.server.Server - Match created and started between players: 1745506275227-16 and 1745506277496-17
2025-04-24 16:51:24.309 [pool-3-thread-9] INFO  com.itis._5a.frasson.busanello.server.ClientHandler - Message sent to client: 1745506275227-16, type: Message
2025-04-24 16:51:24.311 [pool-3-thread-9] INFO  com.itis._5a.frasson.busanello.server.ClientHandler - Message sent to client: 1745506277496-17, type: Message
2025-04-24 16:51:42.665 [pool-2-thread-11] INFO  com.itis._5a.frasson.busanello.server.ClientHandler - Message sent to client: 1745506275227-16, type: Message
2025-04-24 16:51:42.665 [pool-2-thread-11] INFO  com.itis._5a.frasson.busanello.server.ClientHandler - Message sent to client: 1745506277496-17, type: Message
2025-04-24 16:51:42.668 [pool-2-thread-11] INFO  com.itis._5a.frasson.busanello.server.ClientHandler - Message sent to client: 1745506275227-16, type: Turn
2025-04-24 16:51:42.668 [pool-2-thread-11] INFO  com.itis._5a.frasson.busanello.server.ClientHandler - Message sent to client: 1745506277496-17, type: Turn
2025-04-24 16:53:27.665 [pool-2-thread-10] ERROR com.itis._5a.frasson.busanello.server.ClientHandler - Errore con il client: java.net.SocketException: Connection reset
2025-04-24 16:53:27.665 [pool-2-thread-10] INFO  com.itis._5a.frasson.busanello.server.ClientHandler - Client disconnesso: non autenticato
2025-04-24 16:53:27.665 [pool-2-thread-10] INFO  com.itis._5a.frasson.busanello.server.Server - Handling disconnect for client: 1745506277496-17
2025-04-24 16:53:27.666 [pool-2-thread-10] INFO  com.itis._5a.frasson.busanello.server.ClientHandler - Message sent to client: 1745506275227-16, type: Message
2025-04-24 16:53:27.667 [pool-2-thread-10] INFO  com.itis._5a.frasson.busanello.server.ClientHandler - Message sent to client: 1745506275227-16, type: Message
2025-04-24 16:53:27.667 [pool-2-thread-10] INFO  com.itis._5a.frasson.busanello.server.ClientHandler - Client resources cleaned up: 1745506277496-17
2025-04-24 16:53:29.496 [pool-2-thread-11] ERROR com.itis._5a.frasson.busanello.server.ClientHandler - Errore con il client: java.net.SocketException: Connection reset
2025-04-24 16:53:29.496 [pool-2-thread-11] INFO  com.itis._5a.frasson.busanello.server.ClientHandler - Client disconnesso: non autenticato
2025-04-24 16:53:29.496 [pool-2-thread-11] INFO  com.itis._5a.frasson.busanello.server.Server - Handling disconnect for client: 1745506275227-16
2025-04-24 16:53:29.497 [pool-2-thread-11] INFO  com.itis._5a.frasson.busanello.server.ClientHandler - Client resources cleaned up: 1745506275227-16
2025-04-24 16:53:31.813 [main] INFO  com.itis._5a.frasson.busanello.server.Server - New client connected: /127.0.0.1
2025-04-24 16:53:31.814 [main] INFO  com.itis._5a.frasson.busanello.server.ClientHandler - I/O streams initialized for client: 1745506411814-18
2025-04-24 16:53:31.908 [pool-2-thread-11] INFO  com.itis._5a.frasson.busanello.server.ClientHandler - Secure communication established with client: 1745506411814-18
2025-04-24 16:53:33.366 [main] INFO  com.itis._5a.frasson.busanello.server.Server - New client connected: /127.0.0.1
2025-04-24 16:53:33.367 [main] INFO  com.itis._5a.frasson.busanello.server.ClientHandler - I/O streams initialized for client: 1745506413366-19
2025-04-24 16:53:33.454 [pool-2-thread-10] INFO  com.itis._5a.frasson.busanello.server.ClientHandler - Secure communication established with client: 1745506413366-19
2025-04-24 16:53:35.455 [pool-2-thread-10] INFO  com.itis._5a.frasson.busanello.server.ClientHandler - Client 1745506413366-19 requested match finding
2025-04-24 16:53:35.455 [pool-2-thread-10] INFO  com.itis._5a.frasson.busanello.server.Server - Player enqueued for matchmaking: 1745506413366-19
2025-04-24 16:53:35.455 [pool-2-thread-1] INFO  com.itis._5a.frasson.busanello.server.Server - Player 1 ready for match: 1745506413366-19
2025-04-24 16:53:39.307 [pool-2-thread-11] INFO  com.itis._5a.frasson.busanello.server.ClientHandler - Client 1745506411814-18 requested match finding
2025-04-24 16:53:39.307 [pool-2-thread-11] INFO  com.itis._5a.frasson.busanello.server.Server - Player enqueued for matchmaking: 1745506411814-18
2025-04-24 16:53:39.307 [pool-2-thread-1] INFO  com.itis._5a.frasson.busanello.server.Server - Player 2 ready for matchmaking: 1745506411814-18
2025-04-24 16:53:39.307 [pool-2-thread-1] INFO  com.itis._5a.frasson.busanello.server.Server - Match created and started between players: 1745506413366-19 and 1745506411814-18
2025-04-24 16:53:39.308 [pool-3-thread-10] INFO  com.itis._5a.frasson.busanello.server.ClientHandler - Message sent to client: 1745506413366-19, type: Message
2025-04-24 16:53:39.309 [pool-3-thread-10] INFO  com.itis._5a.frasson.busanello.server.ClientHandler - Message sent to client: 1745506411814-18, type: Message
2025-04-24 16:53:58.208 [pool-2-thread-10] INFO  com.itis._5a.frasson.busanello.server.ClientHandler - Message sent to client: 1745506413366-19, type: Message
2025-04-24 16:53:58.208 [pool-2-thread-10] INFO  com.itis._5a.frasson.busanello.server.ClientHandler - Message sent to client: 1745506411814-18, type: Message
2025-04-24 16:53:58.211 [pool-2-thread-10] INFO  com.itis._5a.frasson.busanello.server.ClientHandler - Message sent to client: 1745506413366-19, type: Turn
2025-04-24 16:53:58.212 [pool-2-thread-10] INFO  com.itis._5a.frasson.busanello.server.ClientHandler - Message sent to client: 1745506411814-18, type: Turn
2025-04-24 16:54:01.431 [pool-2-thread-11] ERROR com.itis._5a.frasson.busanello.server.ClientHandler - Error handling message.
java.io.EOFException: null
	at java.io.ObjectInputStream$BlockDataInputStream.peekByte(ObjectInputStream.java:3214) ~[?:?]
	at java.io.ObjectInputStream.readObject0(ObjectInputStream.java:1684) ~[?:?]
	at java.io.ObjectInputStream.readObject(ObjectInputStream.java:509) ~[?:?]
	at java.io.ObjectInputStream.readObject(ObjectInputStream.java:467) ~[?:?]
	at com.itis._5a.frasson.busanello.server.ClientHandler.run(ClientHandler.java:96) [classes/:?]
	at java.util.concurrent.Executors$RunnableAdapter.call(Executors.java:539) [?:?]
	at java.util.concurrent.FutureTask.run(FutureTask.java:264) [?:?]
	at java.util.concurrent.ThreadPoolExecutor.runWorker(ThreadPoolExecutor.java:1136) [?:?]
	at java.util.concurrent.ThreadPoolExecutor$Worker.run(ThreadPoolExecutor.java:635) [?:?]
	at java.lang.Thread.run(Thread.java:840) [?:?]
2025-04-24 16:54:01.431 [pool-2-thread-11] INFO  com.itis._5a.frasson.busanello.server.Server - Handling disconnect for client: 1745506411814-18
2025-04-24 16:54:01.431 [pool-2-thread-11] INFO  com.itis._5a.frasson.busanello.server.ClientHandler - Message sent to client: 1745506413366-19, type: Message
2025-04-24 16:54:01.432 [pool-2-thread-11] INFO  com.itis._5a.frasson.busanello.server.ClientHandler - Message sent to client: 1745506413366-19, type: Message
2025-04-24 16:54:01.432 [pool-2-thread-11] INFO  com.itis._5a.frasson.busanello.server.ClientHandler - Client resources cleaned up: 1745506411814-18
2025-04-24 16:54:01.432 [pool-2-thread-11] INFO  com.itis._5a.frasson.busanello.server.ClientHandler - Client disconnesso: non autenticato
2025-04-24 16:54:01.432 [pool-2-thread-11] INFO  com.itis._5a.frasson.busanello.server.Server - Handling disconnect for client: 1745506411814-18
2025-04-24 16:54:01.432 [pool-2-thread-11] INFO  com.itis._5a.frasson.busanello.server.ClientHandler - Client resources cleaned up: 1745506411814-18
2025-04-24 16:54:06.286 [pool-2-thread-10] WARN  com.itis._5a.frasson.busanello.server.ClientHandler - Unknown message type from client 1745506413366-19: MOVE
