2025-04-23 21:55:59.082 [main] INFO  com.itis._5a.frasson.busanello.server.Auth - User database loaded successfully with 3 users
2025-04-23 21:55:59.085 [main] INFO  com.itis._5a.frasson.busanello.server.Server - Server listening on port 12345
2025-04-23 21:55:59.086 [Thread-0] INFO  com.itis._5a.frasson.busanello.server.Server - Matchmaking service started
2025-04-23 21:56:13.271 [main] INFO  com.itis._5a.frasson.busanello.server.Server - New client connected: /127.0.0.1
2025-04-23 21:56:13.276 [main] INFO  com.itis._5a.frasson.busanello.server.ClientHandler - I/O streams initialized for client: 1745438173271-0
2025-04-23 21:56:13.320 [Thread-1] INFO  com.itis._5a.frasson.busanello.server.ClientHandler - Secure communication established with client: 1745438173271-0
2025-04-23 21:56:25.389 [Thread-1] INFO  com.itis._5a.frasson.busanello.server.ClientHandler - Login attempt: fras
2025-04-23 21:56:25.478 [Thread-1] INFO  com.itis._5a.frasson.busanello.server.Auth - Authentication for user fras: failed
2025-04-23 21:56:25.479 [Thread-1] INFO  com.itis._5a.frasson.busanello.server.ClientHandler - Authentication failed: fras
2025-04-23 21:56:28.644 [Thread-1] INFO  com.itis._5a.frasson.busanello.server.ClientHandler - Login attempt: fras
2025-04-23 21:56:28.692 [Thread-1] INFO  com.itis._5a.frasson.busanello.server.Auth - Authentication for user fras: failed
2025-04-23 21:56:28.693 [Thread-1] INFO  com.itis._5a.frasson.busanello.server.ClientHandler - Authentication failed: fras
2025-04-23 21:59:59.502 [main] INFO  com.itis._5a.frasson.busanello.server.Auth - User database loaded successfully with 3 users
2025-04-23 21:59:59.507 [main] INFO  com.itis._5a.frasson.busanello.server.Server - Server listening on port 12345
2025-04-23 21:59:59.508 [Thread-0] INFO  com.itis._5a.frasson.busanello.server.Server - Matchmaking service started
2025-04-23 22:00:08.005 [main] INFO  com.itis._5a.frasson.busanello.server.Server - New client connected: /127.0.0.1
2025-04-23 22:00:08.015 [main] INFO  com.itis._5a.frasson.busanello.server.ClientHandler - I/O streams initialized for client: 1745438408006-0
2025-04-23 22:00:08.066 [Thread-1] INFO  com.itis._5a.frasson.busanello.server.ClientHandler - Secure communication established with client: 1745438408006-0
2025-04-23 22:00:15.771 [Thread-1] INFO  com.itis._5a.frasson.busanello.server.ClientHandler - Login attempt: fras
2025-04-23 22:00:15.856 [Thread-1] INFO  com.itis._5a.frasson.busanello.server.Auth - Authentication for user fras: failed
2025-04-23 22:00:15.858 [Thread-1] INFO  com.itis._5a.frasson.busanello.server.ClientHandler - Authentication failed: fras
2025-04-23 22:05:23.391 [main] INFO  com.itis._5a.frasson.busanello.server.Auth - User database loaded successfully with 3 users
2025-04-23 22:05:23.396 [main] INFO  com.itis._5a.frasson.busanello.server.Server - Server listening on port 12345
2025-04-23 22:05:23.396 [Thread-0] INFO  com.itis._5a.frasson.busanello.server.Server - Matchmaking service started
2025-04-23 22:05:31.134 [main] INFO  com.itis._5a.frasson.busanello.server.Server - New client connected: /127.0.0.1
2025-04-23 22:05:31.142 [main] INFO  com.itis._5a.frasson.busanello.server.ClientHandler - I/O streams initialized for client: 1745438731135-0
2025-04-23 22:05:31.188 [Thread-1] INFO  com.itis._5a.frasson.busanello.server.ClientHandler - Secure communication established with client: 1745438731135-0
2025-04-23 22:05:37.278 [Thread-1] INFO  com.itis._5a.frasson.busanello.server.ClientHandler - Login attempt: fras
2025-04-23 22:05:37.376 [Thread-1] INFO  com.itis._5a.frasson.busanello.server.Auth - Authentication for user fras: failed
2025-04-23 22:05:37.377 [Thread-1] INFO  com.itis._5a.frasson.busanello.server.ClientHandler - Authentication failed: fras
2025-04-23 22:05:43.408 [Thread-1] INFO  com.itis._5a.frasson.busanello.server.ClientHandler - Login attempt: fras
2025-04-23 22:05:43.456 [Thread-1] INFO  com.itis._5a.frasson.busanello.server.Auth - Authentication for user fras: failed
2025-04-23 22:05:43.456 [Thread-1] INFO  com.itis._5a.frasson.busanello.server.ClientHandler - Authentication failed: fras
2025-04-23 22:07:19.676 [main] INFO  com.itis._5a.frasson.busanello.server.Auth - User database loaded successfully with 4 users
2025-04-23 22:07:19.680 [main] INFO  com.itis._5a.frasson.busanello.server.Server - Server listening on port 12345
2025-04-23 22:07:19.680 [Thread-0] INFO  com.itis._5a.frasson.busanello.server.Server - Matchmaking service started
2025-04-23 22:07:26.650 [main] INFO  com.itis._5a.frasson.busanello.server.Server - New client connected: /127.0.0.1
2025-04-23 22:07:26.654 [main] INFO  com.itis._5a.frasson.busanello.server.ClientHandler - I/O streams initialized for client: 1745438846650-0
2025-04-23 22:07:26.705 [Thread-1] INFO  com.itis._5a.frasson.busanello.server.ClientHandler - Secure communication established with client: 1745438846650-0
2025-04-23 22:07:35.666 [Thread-1] INFO  com.itis._5a.frasson.busanello.server.ClientHandler - Login attempt: admin
2025-04-23 22:07:35.760 [Thread-1] INFO  com.itis._5a.frasson.busanello.server.Auth - Authentication for user admin: failed
2025-04-23 22:07:35.762 [Thread-1] INFO  com.itis._5a.frasson.busanello.server.ClientHandler - Authentication failed: admin
2025-04-23 22:07:54.537 [Thread-1] INFO  com.itis._5a.frasson.busanello.server.ClientHandler - Login attempt: admin
2025-04-23 22:07:54.633 [Thread-1] INFO  com.itis._5a.frasson.busanello.server.Auth - Authentication for user admin: failed
2025-04-23 22:07:54.634 [Thread-1] INFO  com.itis._5a.frasson.busanello.server.ClientHandler - Authentication failed: admin
2025-04-23 22:07:54.876 [Thread-1] INFO  com.itis._5a.frasson.busanello.server.ClientHandler - Login attempt: admin
2025-04-23 22:07:54.956 [Thread-1] INFO  com.itis._5a.frasson.busanello.server.Auth - Authentication for user admin: failed
2025-04-23 22:07:54.956 [Thread-1] INFO  com.itis._5a.frasson.busanello.server.ClientHandler - Authentication failed: admin
2025-04-23 22:07:55.026 [Thread-1] INFO  com.itis._5a.frasson.busanello.server.ClientHandler - Login attempt: admin
2025-04-23 22:07:55.072 [Thread-1] INFO  com.itis._5a.frasson.busanello.server.Auth - Authentication for user admin: failed
2025-04-23 22:07:55.073 [Thread-1] INFO  com.itis._5a.frasson.busanello.server.ClientHandler - Authentication failed: admin
2025-04-23 22:08:45.550 [Thread-1] INFO  com.itis._5a.frasson.busanello.server.ClientHandler - Login attempt: $argon2id$v=19$m=16384,t=3,p=1$eM/y2b1bVL6S6mTN7i9A1uYgDXYJ4kq8lObSpNjvmo/YmmVmvJ31+6z7obcUViv+TOm57S4O0I5lsGUrKoVBqQ$HqhiJ0tMtze132BtFehFK8ZqngI3irZ433IRoyCGlXqbTN967r+rmS8Ie/+NAi4Ow4kx4Z1ydknoq2dd/a6Zswq0QSvNlgvvpIvvXtEtnGrp8nv7vn3aQU5gC5uLDCcaL07l8c8jGkjhZgDpORO9Ldxe6eNteRWdq/Dp8JcVrbvkGyE8sSIyenCTphTg6y1vELX1UZ/6fGQvetP45BJsFAe72ALDXae3owj9Qlvb5QD4p12iFe7QK2Xu5RHJKxPSk4HBdR8+vKSgPGsy0dTW682+7me1qJKygzCC7Z72xSvvbgrRftZZ0/1aAu3YX+2I/+1Sb47OJ5fufB6jbuzDEQ
2025-04-23 22:08:45.561 [Thread-1] INFO  com.itis._5a.frasson.busanello.server.Auth - Authentication failed: User not found: $argon2id$v=19$m=16384,t=3,p=1$eM/y2b1bVL6S6mTN7i9A1uYgDXYJ4kq8lObSpNjvmo/YmmVmvJ31+6z7obcUViv+TOm57S4O0I5lsGUrKoVBqQ$HqhiJ0tMtze132BtFehFK8ZqngI3irZ433IRoyCGlXqbTN967r+rmS8Ie/+NAi4Ow4kx4Z1ydknoq2dd/a6Zswq0QSvNlgvvpIvvXtEtnGrp8nv7vn3aQU5gC5uLDCcaL07l8c8jGkjhZgDpORO9Ldxe6eNteRWdq/Dp8JcVrbvkGyE8sSIyenCTphTg6y1vELX1UZ/6fGQvetP45BJsFAe72ALDXae3owj9Qlvb5QD4p12iFe7QK2Xu5RHJKxPSk4HBdR8+vKSgPGsy0dTW682+7me1qJKygzCC7Z72xSvvbgrRftZZ0/1aAu3YX+2I/+1Sb47OJ5fufB6jbuzDEQ
2025-04-23 22:08:45.562 [Thread-1] INFO  com.itis._5a.frasson.busanello.server.ClientHandler - Authentication failed: $argon2id$v=19$m=16384,t=3,p=1$eM/y2b1bVL6S6mTN7i9A1uYgDXYJ4kq8lObSpNjvmo/YmmVmvJ31+6z7obcUViv+TOm57S4O0I5lsGUrKoVBqQ$HqhiJ0tMtze132BtFehFK8ZqngI3irZ433IRoyCGlXqbTN967r+rmS8Ie/+NAi4Ow4kx4Z1ydknoq2dd/a6Zswq0QSvNlgvvpIvvXtEtnGrp8nv7vn3aQU5gC5uLDCcaL07l8c8jGkjhZgDpORO9Ldxe6eNteRWdq/Dp8JcVrbvkGyE8sSIyenCTphTg6y1vELX1UZ/6fGQvetP45BJsFAe72ALDXae3owj9Qlvb5QD4p12iFe7QK2Xu5RHJKxPSk4HBdR8+vKSgPGsy0dTW682+7me1qJKygzCC7Z72xSvvbgrRftZZ0/1aAu3YX+2I/+1Sb47OJ5fufB6jbuzDEQ
2025-04-23 22:08:46.711 [Thread-1] INFO  com.itis._5a.frasson.busanello.server.ClientHandler - Login attempt: $argon2id$v=19$m=16384,t=3,p=1$eM/y2b1bVL6S6mTN7i9A1uYgDXYJ4kq8lObSpNjvmo/YmmVmvJ31+6z7obcUViv+TOm57S4O0I5lsGUrKoVBqQ$HqhiJ0tMtze132BtFehFK8ZqngI3irZ433IRoyCGlXqbTN967r+rmS8Ie/+NAi4Ow4kx4Z1ydknoq2dd/a6Zswq0QSvNlgvvpIvvXtEtnGrp8nv7vn3aQU5gC5uLDCcaL07l8c8jGkjhZgDpORO9Ldxe6eNteRWdq/Dp8JcVrbvkGyE8sSIyenCTphTg6y1vELX1UZ/6fGQvetP45BJsFAe72ALDXae3owj9Qlvb5QD4p12iFe7QK2Xu5RHJKxPSk4HBdR8+vKSgPGsy0dTW682+7me1qJKygzCC7Z72xSvvbgrRftZZ0/1aAu3YX+2I/+1Sb47OJ5fufB6jbuzDEQ
2025-04-23 22:08:46.712 [Thread-1] INFO  com.itis._5a.frasson.busanello.server.Auth - Authentication failed: User not found: $argon2id$v=19$m=16384,t=3,p=1$eM/y2b1bVL6S6mTN7i9A1uYgDXYJ4kq8lObSpNjvmo/YmmVmvJ31+6z7obcUViv+TOm57S4O0I5lsGUrKoVBqQ$HqhiJ0tMtze132BtFehFK8ZqngI3irZ433IRoyCGlXqbTN967r+rmS8Ie/+NAi4Ow4kx4Z1ydknoq2dd/a6Zswq0QSvNlgvvpIvvXtEtnGrp8nv7vn3aQU5gC5uLDCcaL07l8c8jGkjhZgDpORO9Ldxe6eNteRWdq/Dp8JcVrbvkGyE8sSIyenCTphTg6y1vELX1UZ/6fGQvetP45BJsFAe72ALDXae3owj9Qlvb5QD4p12iFe7QK2Xu5RHJKxPSk4HBdR8+vKSgPGsy0dTW682+7me1qJKygzCC7Z72xSvvbgrRftZZ0/1aAu3YX+2I/+1Sb47OJ5fufB6jbuzDEQ
2025-04-23 22:08:46.712 [Thread-1] INFO  com.itis._5a.frasson.busanello.server.ClientHandler - Authentication failed: $argon2id$v=19$m=16384,t=3,p=1$eM/y2b1bVL6S6mTN7i9A1uYgDXYJ4kq8lObSpNjvmo/YmmVmvJ31+6z7obcUViv+TOm57S4O0I5lsGUrKoVBqQ$HqhiJ0tMtze132BtFehFK8ZqngI3irZ433IRoyCGlXqbTN967r+rmS8Ie/+NAi4Ow4kx4Z1ydknoq2dd/a6Zswq0QSvNlgvvpIvvXtEtnGrp8nv7vn3aQU5gC5uLDCcaL07l8c8jGkjhZgDpORO9Ldxe6eNteRWdq/Dp8JcVrbvkGyE8sSIyenCTphTg6y1vELX1UZ/6fGQvetP45BJsFAe72ALDXae3owj9Qlvb5QD4p12iFe7QK2Xu5RHJKxPSk4HBdR8+vKSgPGsy0dTW682+7me1qJKygzCC7Z72xSvvbgrRftZZ0/1aAu3YX+2I/+1Sb47OJ5fufB6jbuzDEQ
2025-04-23 22:08:46.861 [Thread-1] INFO  com.itis._5a.frasson.busanello.server.ClientHandler - Login attempt: $argon2id$v=19$m=16384,t=3,p=1$eM/y2b1bVL6S6mTN7i9A1uYgDXYJ4kq8lObSpNjvmo/YmmVmvJ31+6z7obcUViv+TOm57S4O0I5lsGUrKoVBqQ$HqhiJ0tMtze132BtFehFK8ZqngI3irZ433IRoyCGlXqbTN967r+rmS8Ie/+NAi4Ow4kx4Z1ydknoq2dd/a6Zswq0QSvNlgvvpIvvXtEtnGrp8nv7vn3aQU5gC5uLDCcaL07l8c8jGkjhZgDpORO9Ldxe6eNteRWdq/Dp8JcVrbvkGyE8sSIyenCTphTg6y1vELX1UZ/6fGQvetP45BJsFAe72ALDXae3owj9Qlvb5QD4p12iFe7QK2Xu5RHJKxPSk4HBdR8+vKSgPGsy0dTW682+7me1qJKygzCC7Z72xSvvbgrRftZZ0/1aAu3YX+2I/+1Sb47OJ5fufB6jbuzDEQ
2025-04-23 22:08:46.862 [Thread-1] INFO  com.itis._5a.frasson.busanello.server.Auth - Authentication failed: User not found: $argon2id$v=19$m=16384,t=3,p=1$eM/y2b1bVL6S6mTN7i9A1uYgDXYJ4kq8lObSpNjvmo/YmmVmvJ31+6z7obcUViv+TOm57S4O0I5lsGUrKoVBqQ$HqhiJ0tMtze132BtFehFK8ZqngI3irZ433IRoyCGlXqbTN967r+rmS8Ie/+NAi4Ow4kx4Z1ydknoq2dd/a6Zswq0QSvNlgvvpIvvXtEtnGrp8nv7vn3aQU5gC5uLDCcaL07l8c8jGkjhZgDpORO9Ldxe6eNteRWdq/Dp8JcVrbvkGyE8sSIyenCTphTg6y1vELX1UZ/6fGQvetP45BJsFAe72ALDXae3owj9Qlvb5QD4p12iFe7QK2Xu5RHJKxPSk4HBdR8+vKSgPGsy0dTW682+7me1qJKygzCC7Z72xSvvbgrRftZZ0/1aAu3YX+2I/+1Sb47OJ5fufB6jbuzDEQ
2025-04-23 22:08:46.863 [Thread-1] INFO  com.itis._5a.frasson.busanello.server.ClientHandler - Authentication failed: $argon2id$v=19$m=16384,t=3,p=1$eM/y2b1bVL6S6mTN7i9A1uYgDXYJ4kq8lObSpNjvmo/YmmVmvJ31+6z7obcUViv+TOm57S4O0I5lsGUrKoVBqQ$HqhiJ0tMtze132BtFehFK8ZqngI3irZ433IRoyCGlXqbTN967r+rmS8Ie/+NAi4Ow4kx4Z1ydknoq2dd/a6Zswq0QSvNlgvvpIvvXtEtnGrp8nv7vn3aQU5gC5uLDCcaL07l8c8jGkjhZgDpORO9Ldxe6eNteRWdq/Dp8JcVrbvkGyE8sSIyenCTphTg6y1vELX1UZ/6fGQvetP45BJsFAe72ALDXae3owj9Qlvb5QD4p12iFe7QK2Xu5RHJKxPSk4HBdR8+vKSgPGsy0dTW682+7me1qJKygzCC7Z72xSvvbgrRftZZ0/1aAu3YX+2I/+1Sb47OJ5fufB6jbuzDEQ
2025-04-23 22:08:47.027 [Thread-1] INFO  com.itis._5a.frasson.busanello.server.ClientHandler - Login attempt: $argon2id$v=19$m=16384,t=3,p=1$eM/y2b1bVL6S6mTN7i9A1uYgDXYJ4kq8lObSpNjvmo/YmmVmvJ31+6z7obcUViv+TOm57S4O0I5lsGUrKoVBqQ$HqhiJ0tMtze132BtFehFK8ZqngI3irZ433IRoyCGlXqbTN967r+rmS8Ie/+NAi4Ow4kx4Z1ydknoq2dd/a6Zswq0QSvNlgvvpIvvXtEtnGrp8nv7vn3aQU5gC5uLDCcaL07l8c8jGkjhZgDpORO9Ldxe6eNteRWdq/Dp8JcVrbvkGyE8sSIyenCTphTg6y1vELX1UZ/6fGQvetP45BJsFAe72ALDXae3owj9Qlvb5QD4p12iFe7QK2Xu5RHJKxPSk4HBdR8+vKSgPGsy0dTW682+7me1qJKygzCC7Z72xSvvbgrRftZZ0/1aAu3YX+2I/+1Sb47OJ5fufB6jbuzDEQ
2025-04-23 22:08:47.027 [Thread-1] INFO  com.itis._5a.frasson.busanello.server.Auth - Authentication failed: User not found: $argon2id$v=19$m=16384,t=3,p=1$eM/y2b1bVL6S6mTN7i9A1uYgDXYJ4kq8lObSpNjvmo/YmmVmvJ31+6z7obcUViv+TOm57S4O0I5lsGUrKoVBqQ$HqhiJ0tMtze132BtFehFK8ZqngI3irZ433IRoyCGlXqbTN967r+rmS8Ie/+NAi4Ow4kx4Z1ydknoq2dd/a6Zswq0QSvNlgvvpIvvXtEtnGrp8nv7vn3aQU5gC5uLDCcaL07l8c8jGkjhZgDpORO9Ldxe6eNteRWdq/Dp8JcVrbvkGyE8sSIyenCTphTg6y1vELX1UZ/6fGQvetP45BJsFAe72ALDXae3owj9Qlvb5QD4p12iFe7QK2Xu5RHJKxPSk4HBdR8+vKSgPGsy0dTW682+7me1qJKygzCC7Z72xSvvbgrRftZZ0/1aAu3YX+2I/+1Sb47OJ5fufB6jbuzDEQ
2025-04-23 22:08:47.029 [Thread-1] INFO  com.itis._5a.frasson.busanello.server.ClientHandler - Authentication failed: $argon2id$v=19$m=16384,t=3,p=1$eM/y2b1bVL6S6mTN7i9A1uYgDXYJ4kq8lObSpNjvmo/YmmVmvJ31+6z7obcUViv+TOm57S4O0I5lsGUrKoVBqQ$HqhiJ0tMtze132BtFehFK8ZqngI3irZ433IRoyCGlXqbTN967r+rmS8Ie/+NAi4Ow4kx4Z1ydknoq2dd/a6Zswq0QSvNlgvvpIvvXtEtnGrp8nv7vn3aQU5gC5uLDCcaL07l8c8jGkjhZgDpORO9Ldxe6eNteRWdq/Dp8JcVrbvkGyE8sSIyenCTphTg6y1vELX1UZ/6fGQvetP45BJsFAe72ALDXae3owj9Qlvb5QD4p12iFe7QK2Xu5RHJKxPSk4HBdR8+vKSgPGsy0dTW682+7me1qJKygzCC7Z72xSvvbgrRftZZ0/1aAu3YX+2I/+1Sb47OJ5fufB6jbuzDEQ
2025-04-23 22:08:47.196 [Thread-1] INFO  com.itis._5a.frasson.busanello.server.ClientHandler - Login attempt: $argon2id$v=19$m=16384,t=3,p=1$eM/y2b1bVL6S6mTN7i9A1uYgDXYJ4kq8lObSpNjvmo/YmmVmvJ31+6z7obcUViv+TOm57S4O0I5lsGUrKoVBqQ$HqhiJ0tMtze132BtFehFK8ZqngI3irZ433IRoyCGlXqbTN967r+rmS8Ie/+NAi4Ow4kx4Z1ydknoq2dd/a6Zswq0QSvNlgvvpIvvXtEtnGrp8nv7vn3aQU5gC5uLDCcaL07l8c8jGkjhZgDpORO9Ldxe6eNteRWdq/Dp8JcVrbvkGyE8sSIyenCTphTg6y1vELX1UZ/6fGQvetP45BJsFAe72ALDXae3owj9Qlvb5QD4p12iFe7QK2Xu5RHJKxPSk4HBdR8+vKSgPGsy0dTW682+7me1qJKygzCC7Z72xSvvbgrRftZZ0/1aAu3YX+2I/+1Sb47OJ5fufB6jbuzDEQ
2025-04-23 22:08:47.196 [Thread-1] INFO  com.itis._5a.frasson.busanello.server.Auth - Authentication failed: User not found: $argon2id$v=19$m=16384,t=3,p=1$eM/y2b1bVL6S6mTN7i9A1uYgDXYJ4kq8lObSpNjvmo/YmmVmvJ31+6z7obcUViv+TOm57S4O0I5lsGUrKoVBqQ$HqhiJ0tMtze132BtFehFK8ZqngI3irZ433IRoyCGlXqbTN967r+rmS8Ie/+NAi4Ow4kx4Z1ydknoq2dd/a6Zswq0QSvNlgvvpIvvXtEtnGrp8nv7vn3aQU5gC5uLDCcaL07l8c8jGkjhZgDpORO9Ldxe6eNteRWdq/Dp8JcVrbvkGyE8sSIyenCTphTg6y1vELX1UZ/6fGQvetP45BJsFAe72ALDXae3owj9Qlvb5QD4p12iFe7QK2Xu5RHJKxPSk4HBdR8+vKSgPGsy0dTW682+7me1qJKygzCC7Z72xSvvbgrRftZZ0/1aAu3YX+2I/+1Sb47OJ5fufB6jbuzDEQ
2025-04-23 22:08:47.199 [Thread-1] INFO  com.itis._5a.frasson.busanello.server.ClientHandler - Authentication failed: $argon2id$v=19$m=16384,t=3,p=1$eM/y2b1bVL6S6mTN7i9A1uYgDXYJ4kq8lObSpNjvmo/YmmVmvJ31+6z7obcUViv+TOm57S4O0I5lsGUrKoVBqQ$HqhiJ0tMtze132BtFehFK8ZqngI3irZ433IRoyCGlXqbTN967r+rmS8Ie/+NAi4Ow4kx4Z1ydknoq2dd/a6Zswq0QSvNlgvvpIvvXtEtnGrp8nv7vn3aQU5gC5uLDCcaL07l8c8jGkjhZgDpORO9Ldxe6eNteRWdq/Dp8JcVrbvkGyE8sSIyenCTphTg6y1vELX1UZ/6fGQvetP45BJsFAe72ALDXae3owj9Qlvb5QD4p12iFe7QK2Xu5RHJKxPSk4HBdR8+vKSgPGsy0dTW682+7me1qJKygzCC7Z72xSvvbgrRftZZ0/1aAu3YX+2I/+1Sb47OJ5fufB6jbuzDEQ
2025-04-23 22:08:49.959 [Thread-1] ERROR com.itis._5a.frasson.busanello.server.ClientHandler - Error handling message.
java.io.EOFException: null
	at java.io.ObjectInputStream$BlockDataInputStream.peekByte(ObjectInputStream.java:3214) ~[?:?]
	at java.io.ObjectInputStream.readObject0(ObjectInputStream.java:1684) ~[?:?]
	at java.io.ObjectInputStream.readObject(ObjectInputStream.java:509) ~[?:?]
	at java.io.ObjectInputStream.readObject(ObjectInputStream.java:467) ~[?:?]
	at com.itis._5a.frasson.busanello.server.ClientHandler.run(ClientHandler.java:95) [classes/:?]
	at java.lang.Thread.run(Thread.java:840) [?:?]
2025-04-23 22:08:49.974 [Thread-1] INFO  com.itis._5a.frasson.busanello.server.ClientHandler - Client disconnesso: non autenticato
2025-04-23 22:58:34.846 [main] INFO  com.itis._5a.frasson.busanello.server.Auth - User database loaded successfully with 4 users
2025-04-23 22:58:34.851 [main] INFO  com.itis._5a.frasson.busanello.server.Server - Server listening on port 12345
2025-04-23 22:58:34.851 [Thread-0] INFO  com.itis._5a.frasson.busanello.server.Server - Matchmaking service started
2025-04-23 22:58:47.039 [main] INFO  com.itis._5a.frasson.busanello.server.Server - New client connected: /127.0.0.1
2025-04-23 22:58:47.043 [main] INFO  com.itis._5a.frasson.busanello.server.ClientHandler - I/O streams initialized for client: 1745441927040-0
2025-04-23 22:58:47.089 [Thread-1] INFO  com.itis._5a.frasson.busanello.server.ClientHandler - Secure communication established with client: 1745441927040-0
2025-04-23 22:59:05.273 [Thread-1] INFO  com.itis._5a.frasson.busanello.server.ClientHandler - Login attempt: admin
2025-04-23 22:59:05.415 [Thread-1] INFO  com.itis._5a.frasson.busanello.server.Auth - Authentication for user admin: failed
2025-04-23 22:59:05.416 [Thread-1] INFO  com.itis._5a.frasson.busanello.server.ClientHandler - Authentication failed: admin
2025-04-23 23:02:03.556 [main] INFO  com.itis._5a.frasson.busanello.server.Auth - User database loaded successfully with 4 users
2025-04-23 23:02:03.560 [main] INFO  com.itis._5a.frasson.busanello.server.Server - Server listening on port 12345
2025-04-23 23:02:03.561 [Thread-0] INFO  com.itis._5a.frasson.busanello.server.Server - Matchmaking service started
2025-04-23 23:02:11.347 [main] INFO  com.itis._5a.frasson.busanello.server.Server - New client connected: /127.0.0.1
2025-04-23 23:02:11.352 [main] INFO  com.itis._5a.frasson.busanello.server.ClientHandler - I/O streams initialized for client: 1745442131347-0
2025-04-23 23:02:11.401 [Thread-1] INFO  com.itis._5a.frasson.busanello.server.ClientHandler - Secure communication established with client: 1745442131347-0
2025-04-23 23:02:21.972 [Thread-1] INFO  com.itis._5a.frasson.busanello.server.ClientHandler - Login attempt: admin
2025-04-23 23:02:22.106 [Thread-1] INFO  com.itis._5a.frasson.busanello.server.Auth - Authentication for user admin: failed
2025-04-23 23:02:22.107 [Thread-1] INFO  com.itis._5a.frasson.busanello.server.ClientHandler - Authentication failed: admin
2025-04-23 23:04:23.639 [Thread-1] ERROR com.itis._5a.frasson.busanello.server.ClientHandler - Error handling message.
java.io.EOFException: null
	at java.io.ObjectInputStream$BlockDataInputStream.peekByte(ObjectInputStream.java:3214) ~[?:?]
	at java.io.ObjectInputStream.readObject0(ObjectInputStream.java:1684) ~[?:?]
	at java.io.ObjectInputStream.readObject(ObjectInputStream.java:509) ~[?:?]
	at java.io.ObjectInputStream.readObject(ObjectInputStream.java:467) ~[?:?]
	at com.itis._5a.frasson.busanello.server.ClientHandler.run(ClientHandler.java:95) [classes/:?]
	at java.lang.Thread.run(Thread.java:840) [?:?]
2025-04-23 23:04:23.655 [Thread-1] INFO  com.itis._5a.frasson.busanello.server.ClientHandler - Client disconnesso: non autenticato
2025-04-23 23:04:34.273 [main] INFO  com.itis._5a.frasson.busanello.server.Server - New client connected: /127.0.0.1
2025-04-23 23:04:34.275 [main] INFO  com.itis._5a.frasson.busanello.server.ClientHandler - I/O streams initialized for client: 1745442274274-1
2025-04-23 23:04:34.304 [Thread-2] INFO  com.itis._5a.frasson.busanello.server.ClientHandler - Secure communication established with client: 1745442274274-1
2025-04-23 23:04:39.814 [Thread-2] INFO  com.itis._5a.frasson.busanello.server.ClientHandler - Login attempt: user
2025-04-23 23:04:39.814 [Thread-2] INFO  com.itis._5a.frasson.busanello.server.Auth - Authentication failed: User not found: user
2025-04-23 23:04:39.815 [Thread-2] INFO  com.itis._5a.frasson.busanello.server.ClientHandler - Authentication failed: user
2025-04-23 23:04:39.920 [Thread-2] INFO  com.itis._5a.frasson.busanello.server.ClientHandler - Login attempt: user
2025-04-23 23:04:39.920 [Thread-2] INFO  com.itis._5a.frasson.busanello.server.Auth - Authentication failed: User not found: user
2025-04-23 23:04:39.921 [Thread-2] INFO  com.itis._5a.frasson.busanello.server.ClientHandler - Authentication failed: user
2025-04-23 23:05:08.295 [Thread-2] INFO  com.itis._5a.frasson.busanello.server.ClientHandler - Login attempt: admin
2025-04-23 23:05:08.423 [Thread-2] INFO  com.itis._5a.frasson.busanello.server.Auth - Authentication for user admin: failed
2025-04-23 23:05:08.424 [Thread-2] INFO  com.itis._5a.frasson.busanello.server.ClientHandler - Authentication failed: admin
2025-04-23 23:05:08.807 [Thread-2] INFO  com.itis._5a.frasson.busanello.server.ClientHandler - Login attempt: admin
2025-04-23 23:05:08.905 [Thread-2] INFO  com.itis._5a.frasson.busanello.server.Auth - Authentication for user admin: failed
2025-04-23 23:05:08.905 [Thread-2] INFO  com.itis._5a.frasson.busanello.server.ClientHandler - Authentication failed: admin
